<?xml version="1.0" encoding="UTF-8"?>
<coverage generated="1763935650507" clover="3.2.0">
  <project timestamp="1763935650507" name="All files">
    <metrics statements="561" coveredstatements="460" conditionals="376" coveredconditionals="292" methods="95" coveredmethods="85" elements="1032" coveredelements="837" complexity="0" loc="561" ncloc="561" packages="5" files="6" classes="6"/>
    <package name="core.validation">
      <metrics statements="100" coveredstatements="71" conditionals="64" coveredconditionals="41" methods="14" coveredmethods="11"/>
      <file name="config-validator.ts" path="/home/runner/work/cloudhealthoffice/cloudhealthoffice/core/validation/config-validator.ts">
        <metrics statements="100" coveredstatements="71" conditionals="64" coveredconditionals="41" methods="14" coveredmethods="11"/>
        <line num="6" count="2" type="stmt"/>
        <line num="9" count="2" type="stmt"/>
        <line num="14" count="23" type="stmt"/>
        <line num="15" count="23" type="stmt"/>
        <line num="19" count="23" type="stmt"/>
        <line num="49" count="23" type="stmt"/>
        <line num="53" count="20" type="stmt"/>
        <line num="54" count="20" type="stmt"/>
        <line num="57" count="20" type="cond" truecount="3" falsecount="0"/>
        <line num="58" count="3" type="cond" truecount="1" falsecount="0"/>
        <line num="59" count="3" type="stmt"/>
        <line num="60" count="16" type="stmt"/>
        <line num="70" count="20" type="stmt"/>
        <line num="72" count="20" type="stmt"/>
        <line num="81" count="20" type="cond" truecount="3" falsecount="0"/>
        <line num="82" count="2" type="stmt"/>
        <line num="88" count="20" type="cond" truecount="2" falsecount="1"/>
        <line num="89" count="0" type="stmt"/>
        <line num="95" count="20" type="cond" truecount="2" falsecount="1"/>
        <line num="96" count="0" type="stmt"/>
        <line num="103" count="20" type="cond" truecount="1" falsecount="0"/>
        <line num="104" count="13" type="cond" truecount="2" falsecount="1"/>
        <line num="105" count="0" type="stmt"/>
        <line num="112" count="20" type="cond" truecount="1" falsecount="0"/>
        <line num="113" count="12" type="cond" truecount="2" falsecount="1"/>
        <line num="114" count="0" type="stmt"/>
        <line num="122" count="20" type="cond" truecount="2" falsecount="1"/>
        <line num="123" count="0" type="stmt"/>
        <line num="130" count="20" type="stmt"/>
        <line num="131" count="20" type="cond" truecount="2" falsecount="1"/>
        <line num="132" count="0" type="stmt"/>
        <line num="140" count="20" type="cond" truecount="3" falsecount="0"/>
        <line num="141" count="1" type="stmt"/>
        <line num="148" count="20" type="cond" truecount="4" falsecount="0"/>
        <line num="151" count="1" type="stmt"/>
        <line num="160" count="2" type="stmt"/>
        <line num="162" count="15" type="stmt"/>
        <line num="165" count="15" type="stmt"/>
        <line num="166" count="15" type="stmt"/>
        <line num="169" count="15" type="cond" truecount="1" falsecount="0"/>
        <line num="170" count="17" type="stmt"/>
        <line num="171" count="14" type="cond" truecount="1" falsecount="0"/>
        <line num="172" count="1" type="stmt"/>
        <line num="179" count="15" type="stmt"/>
        <line num="187" count="0" type="stmt"/>
        <line num="188" count="0" type="stmt"/>
        <line num="191" count="0" type="cond" truecount="0" falsecount="3"/>
        <line num="192" count="0" type="cond" truecount="0" falsecount="1"/>
        <line num="193" count="0" type="stmt"/>
        <line num="200" count="0" type="stmt"/>
        <line num="208" count="2" type="stmt"/>
        <line num="209" count="2" type="stmt"/>
        <line num="212" count="2" type="cond" truecount="1" falsecount="0"/>
        <line num="213" count="2" type="cond" truecount="1" falsecount="0"/>
        <line num="214" count="1" type="stmt"/>
        <line num="220" count="2" type="cond" truecount="0" falsecount="1"/>
        <line num="221" count="0" type="stmt"/>
        <line num="229" count="2" type="cond" truecount="0" falsecount="1"/>
        <line num="230" count="0" type="cond" truecount="0" falsecount="1"/>
        <line num="231" count="0" type="stmt"/>
        <line num="237" count="0" type="cond" truecount="0" falsecount="1"/>
        <line num="238" count="0" type="stmt"/>
        <line num="246" count="2" type="stmt"/>
        <line num="254" count="0" type="stmt"/>
        <line num="255" count="0" type="stmt"/>
        <line num="259" count="0" type="stmt"/>
        <line num="265" count="0" type="stmt"/>
        <line num="273" count="1" type="stmt"/>
        <line num="275" count="1" type="stmt"/>
        <line num="276" count="1" type="stmt"/>
        <line num="277" count="1" type="stmt"/>
        <line num="278" count="1" type="stmt"/>
        <line num="279" count="1" type="stmt"/>
        <line num="281" count="1" type="stmt"/>
        <line num="282" count="1" type="cond" truecount="1" falsecount="1"/>
        <line num="283" count="1" type="cond" truecount="1" falsecount="1"/>
        <line num="284" count="1" type="cond" truecount="1" falsecount="1"/>
        <line num="285" count="1" type="cond" truecount="1" falsecount="1"/>
        <line num="287" count="1" type="cond" truecount="1" falsecount="0"/>
        <line num="288" count="1" type="stmt"/>
        <line num="289" count="1" type="stmt"/>
        <line num="290" count="1" type="stmt"/>
        <line num="291" count="1" type="cond" truecount="0" falsecount="1"/>
        <line num="292" count="0" type="stmt"/>
        <line num="295" count="1" type="stmt"/>
        <line num="298" count="1" type="cond" truecount="0" falsecount="1"/>
        <line num="299" count="0" type="stmt"/>
        <line num="300" count="0" type="stmt"/>
        <line num="301" count="0" type="stmt"/>
        <line num="302" count="0" type="cond" truecount="0" falsecount="1"/>
        <line num="303" count="0" type="stmt"/>
        <line num="306" count="0" type="stmt"/>
        <line num="309" count="1" type="cond" truecount="1" falsecount="1"/>
        <line num="310" count="0" type="stmt"/>
        <line num="312" count="1" type="stmt"/>
        <line num="315" count="1" type="stmt"/>
        <line num="319" count="4" type="stmt"/>
        <line num="320" count="4" type="stmt"/>
        <line num="321" count="3" type="stmt"/>
        <line num="323" count="1" type="stmt"/>
      </file>
    </package>
    <package name="scripts">
      <metrics statements="157" coveredstatements="122" conditionals="76" coveredconditionals="49" methods="30" coveredmethods="28"/>
      <file name="generate-payer-deployment.ts" path="/home/runner/work/cloudhealthoffice/cloudhealthoffice/scripts/generate-payer-deployment.ts">
        <metrics statements="157" coveredstatements="122" conditionals="76" coveredconditionals="49" methods="30" coveredmethods="28"/>
        <line num="6" count="1" type="stmt"/>
        <line num="7" count="1" type="stmt"/>
        <line num="8" count="1" type="stmt"/>
        <line num="10" count="1" type="stmt"/>
        <line num="11" count="1" type="stmt"/>
        <line num="13" count="1" type="stmt"/>
        <line num="19" count="14" type="stmt"/>
        <line num="20" count="14" type="cond" truecount="2" falsecount="0"/>
        <line num="21" count="14" type="cond" truecount="2" falsecount="0"/>
        <line num="24" count="14" type="stmt"/>
        <line num="31" count="14" type="cond" truecount="1" falsecount="0"/>
        <line num="32" count="1" type="stmt"/>
        <line num="35" count="13" type="stmt"/>
        <line num="36" count="13" type="stmt"/>
        <line num="39" count="13" type="stmt"/>
        <line num="40" count="13" type="cond" truecount="1" falsecount="0"/>
        <line num="41" count="1" type="stmt"/>
        <line num="42" count="7" type="stmt"/>
        <line num="44" count="1" type="stmt"/>
        <line num="48" count="12" type="cond" truecount="0" falsecount="1"/>
        <line num="49" count="0" type="stmt"/>
        <line num="50" count="0" type="stmt"/>
        <line num="51" count="0" type="stmt"/>
        <line num="52" count="0" type="cond" truecount="0" falsecount="1"/>
        <line num="53" count="0" type="stmt"/>
        <line num="58" count="12" type="stmt"/>
        <line num="65" count="3" type="stmt"/>
        <line num="66" count="3" type="stmt"/>
        <line num="68" count="3" type="stmt"/>
        <line num="71" count="3" type="cond" truecount="3" falsecount="0"/>
        <line num="72" count="3" type="stmt"/>
        <line num="75" count="3" type="cond" truecount="3" falsecount="0"/>
        <line num="76" count="3" type="stmt"/>
        <line num="79" count="3" type="cond" truecount="3" falsecount="0"/>
        <line num="80" count="3" type="stmt"/>
        <line num="90" count="3" type="stmt"/>
        <line num="91" count="24" type="stmt"/>
        <line num="94" count="3" type="stmt"/>
        <line num="105" count="24" type="stmt"/>
        <line num="111" count="24" type="cond" truecount="1" falsecount="0"/>
        <line num="112" count="21" type="stmt"/>
        <line num="113" count="21" type="stmt"/>
        <line num="116" count="3" type="stmt"/>
        <line num="117" count="3" type="stmt"/>
        <line num="118" count="3" type="stmt"/>
        <line num="121" count="3" type="stmt"/>
        <line num="122" count="3" type="stmt"/>
        <line num="124" count="0" type="stmt"/>
        <line num="127" count="3" type="stmt"/>
        <line num="128" count="3" type="stmt"/>
        <line num="130" count="3" type="stmt"/>
        <line num="131" count="3" type="stmt"/>
        <line num="133" count="3" type="stmt"/>
        <line num="140" count="4" type="stmt"/>
        <line num="141" count="4" type="stmt"/>
        <line num="144" count="4" type="stmt"/>
        <line num="147" count="4" type="stmt"/>
        <line num="150" count="4" type="stmt"/>
        <line num="151" count="4" type="stmt"/>
        <line num="153" count="4" type="cond" truecount="3" falsecount="0"/>
        <line num="154" count="4" type="stmt"/>
        <line num="157" count="4" type="cond" truecount="3" falsecount="0"/>
        <line num="158" count="4" type="stmt"/>
        <line num="162" count="4" type="stmt"/>
        <line num="164" count="4" type="stmt"/>
        <line num="175" count="12" type="stmt"/>
        <line num="181" count="12" type="cond" truecount="1" falsecount="0"/>
        <line num="182" count="12" type="stmt"/>
        <line num="184" count="12" type="stmt"/>
        <line num="185" count="12" type="stmt"/>
        <line num="186" count="12" type="stmt"/>
        <line num="187" count="12" type="stmt"/>
        <line num="190" count="0" type="stmt"/>
        <line num="191" count="0" type="stmt"/>
        <line num="192" count="0" type="stmt"/>
        <line num="194" count="0" type="stmt"/>
        <line num="195" count="0" type="stmt"/>
        <line num="197" count="0" type="stmt"/>
        <line num="204" count="4" type="stmt"/>
        <line num="223" count="4" type="stmt"/>
        <line num="224" count="4" type="stmt"/>
        <line num="225" count="4" type="stmt"/>
        <line num="232" count="4" type="stmt"/>
        <line num="269" count="4" type="stmt"/>
        <line num="270" count="4" type="stmt"/>
        <line num="271" count="4" type="stmt"/>
        <line num="272" count="4" type="stmt"/>
        <line num="279" count="3" type="stmt"/>
        <line num="280" count="3" type="stmt"/>
        <line num="283" count="3" type="stmt"/>
        <line num="286" count="3" type="stmt"/>
        <line num="289" count="3" type="stmt"/>
        <line num="292" count="3" type="stmt"/>
        <line num="294" count="3" type="stmt"/>
        <line num="301" count="3" type="stmt"/>
        <line num="369" count="3" type="stmt"/>
        <line num="370" count="3" type="stmt"/>
        <line num="377" count="3" type="stmt"/>
        <line num="394" count="12" type="cond" truecount="1" falsecount="1"/>
        <line num="408" count="12" type="cond" truecount="2" falsecount="0"/>
        <line num="412" count="18" type="cond" truecount="2" falsecount="0"/>
        <line num="433" count="12" type="cond" truecount="1" falsecount="1"/>
        <line num="451" count="9" type="stmt"/>
        <line num="465" count="12" type="stmt"/>
        <line num="468" count="3" type="stmt"/>
        <line num="469" count="3" type="stmt"/>
        <line num="476" count="3" type="stmt"/>
        <line num="552" count="3" type="stmt"/>
        <line num="553" count="3" type="stmt"/>
        <line num="560" count="3" type="stmt"/>
        <line num="586" count="12" type="cond" truecount="1" falsecount="1"/>
        <line num="611" count="3" type="stmt"/>
        <line num="612" count="3" type="stmt"/>
        <line num="619" count="3" type="stmt"/>
        <line num="620" count="3" type="stmt"/>
        <line num="623" count="3" type="cond" truecount="3" falsecount="0"/>
        <line num="624" count="3" type="stmt"/>
        <line num="627" count="3" type="stmt"/>
        <line num="635" count="3" type="stmt"/>
        <line num="646" count="12" type="stmt"/>
        <line num="656" count="3" type="stmt"/>
        <line num="661" count="3" type="stmt"/>
        <line num="664" count="3" type="stmt"/>
        <line num="671" count="18" type="stmt"/>
        <line num="678" count="3" type="stmt"/>
        <line num="683" count="3" type="stmt"/>
        <line num="691" count="2" type="stmt"/>
        <line num="692" count="2" type="stmt"/>
        <line num="694" count="2" type="stmt"/>
        <line num="695" count="2" type="stmt"/>
        <line num="697" count="2" type="stmt"/>
        <line num="704" count="12" type="stmt"/>
        <line num="727" count="1" type="stmt"/>
        <line num="728" count="0" type="stmt"/>
        <line num="730" count="0" type="cond" truecount="0" falsecount="1"/>
        <line num="731" count="0" type="stmt"/>
        <line num="732" count="0" type="stmt"/>
        <line num="735" count="0" type="stmt"/>
        <line num="736" count="0" type="stmt"/>
        <line num="738" count="0" type="stmt"/>
        <line num="739" count="0" type="stmt"/>
        <line num="741" count="0" type="stmt"/>
        <line num="742" count="0" type="stmt"/>
        <line num="744" count="0" type="cond" truecount="0" falsecount="2"/>
        <line num="746" count="0" type="stmt"/>
        <line num="747" count="0" type="stmt"/>
        <line num="749" count="0" type="stmt"/>
        <line num="750" count="0" type="stmt"/>
        <line num="751" count="0" type="stmt"/>
        <line num="752" count="0" type="stmt"/>
        <line num="753" count="0" type="stmt"/>
        <line num="755" count="0" type="stmt"/>
        <line num="756" count="0" type="stmt"/>
        <line num="758" count="0" type="cond" truecount="0" falsecount="2"/>
        <line num="759" count="0" type="stmt"/>
        <line num="764" count="1" type="cond" truecount="0" falsecount="1"/>
        <line num="765" count="0" type="stmt"/>
      </file>
    </package>
    <package name="src.ai">
      <metrics statements="191" coveredstatements="162" conditionals="141" coveredconditionals="121" methods="22" coveredmethods="18"/>
      <file name="edi277Resolution.ts" path="/home/runner/work/cloudhealthoffice/cloudhealthoffice/src/ai/edi277Resolution.ts">
        <metrics statements="101" coveredstatements="77" conditionals="66" coveredconditionals="54" methods="11" coveredmethods="7"/>
        <line num="1" count="1" type="stmt"/>
        <line num="2" count="1" type="stmt"/>
        <line num="66" count="1" type="cond" truecount="2" falsecount="0"/>
        <line num="67" count="1" type="stmt"/>
        <line num="68" count="1" type="stmt"/>
        <line num="69" count="1" type="stmt"/>
        <line num="70" count="1" type="stmt"/>
        <line num="71" count="1" type="stmt"/>
        <line num="72" count="1" type="stmt"/>
        <line num="73" count="1" type="stmt"/>
        <line num="74" count="1" type="stmt"/>
        <line num="75" count="1" type="stmt"/>
        <line num="76" count="1" type="stmt"/>
        <line num="80" count="1" type="stmt"/>
        <line num="91" count="1" type="stmt"/>
        <line num="97" count="21" type="stmt"/>
        <line num="98" count="21" type="stmt"/>
        <line num="101" count="21" type="cond" truecount="4" falsecount="0"/>
        <line num="102" count="2" type="stmt"/>
        <line num="106" count="19" type="cond" truecount="3" falsecount="0"/>
        <line num="107" count="1" type="stmt"/>
        <line num="111" count="18" type="cond" truecount="4" falsecount="0"/>
        <line num="112" count="1" type="stmt"/>
        <line num="116" count="17" type="cond" truecount="4" falsecount="0"/>
        <line num="117" count="1" type="stmt"/>
        <line num="121" count="16" type="cond" truecount="3" falsecount="0"/>
        <line num="122" count="1" type="stmt"/>
        <line num="126" count="15" type="cond" truecount="3" falsecount="0"/>
        <line num="127" count="1" type="stmt"/>
        <line num="131" count="14" type="cond" truecount="3" falsecount="0"/>
        <line num="132" count="1" type="stmt"/>
        <line num="136" count="13" type="cond" truecount="4" falsecount="0"/>
        <line num="137" count="1" type="stmt"/>
        <line num="141" count="12" type="cond" truecount="4" falsecount="0"/>
        <line num="142" count="1" type="stmt"/>
        <line num="145" count="11" type="stmt"/>
        <line num="152" count="0" type="stmt"/>
        <line num="154" count="0" type="stmt"/>
        <line num="186" count="0" type="stmt"/>
        <line num="198" count="1" type="stmt"/>
        <line num="203" count="23" type="stmt"/>
        <line num="204" count="23" type="stmt"/>
        <line num="206" count="23" type="stmt"/>
        <line num="208" count="23" type="cond" truecount="3" falsecount="0"/>
        <line num="209" count="23" type="cond" truecount="3" falsecount="0"/>
        <line num="210" count="23" type="cond" truecount="3" falsecount="0"/>
        <line num="211" count="23" type="cond" truecount="2" falsecount="0"/>
        <line num="212" count="23" type="cond" truecount="2" falsecount="0"/>
        <line num="213" count="23" type="cond" truecount="2" falsecount="0"/>
        <line num="216" count="23" type="stmt"/>
        <line num="217" count="23" type="cond" truecount="1" falsecount="0"/>
        <line num="218" count="2" type="stmt"/>
        <line num="219" count="2" type="stmt"/>
        <line num="221" count="21" type="stmt"/>
        <line num="224" count="21" type="stmt"/>
        <line num="227" count="21" type="cond" truecount="1" falsecount="0"/>
        <line num="228" count="20" type="stmt"/>
        <line num="229" count="20" type="stmt"/>
        <line num="231" count="20" type="stmt"/>
        <line num="232" count="20" type="stmt"/>
        <line num="235" count="20" type="stmt"/>
        <line num="238" count="20" type="stmt"/>
        <line num="250" count="1" type="cond" truecount="2" falsecount="1"/>
        <line num="251" count="1" type="stmt"/>
        <line num="255" count="0" type="stmt"/>
        <line num="258" count="0" type="stmt"/>
        <line num="261" count="0" type="stmt"/>
        <line num="270" count="0" type="stmt"/>
        <line num="277" count="0" type="stmt"/>
        <line num="290" count="0" type="cond" truecount="0" falsecount="2"/>
        <line num="291" count="0" type="cond" truecount="0" falsecount="2"/>
        <line num="294" count="0" type="stmt"/>
        <line num="295" count="0" type="stmt"/>
        <line num="297" count="0" type="stmt"/>
        <line num="298" count="0" type="cond" truecount="0" falsecount="1"/>
        <line num="299" count="0" type="stmt"/>
        <line num="303" count="0" type="stmt"/>
        <line num="305" count="0" type="stmt"/>
        <line num="306" count="0" type="cond" truecount="0" falsecount="2"/>
        <line num="311" count="0" type="stmt"/>
        <line num="313" count="0" type="stmt"/>
        <line num="316" count="0" type="stmt"/>
        <line num="317" count="0" type="stmt"/>
        <line num="319" count="0" type="stmt"/>
        <line num="322" count="0" type="stmt"/>
        <line num="333" count="3" type="stmt"/>
        <line num="334" count="3" type="stmt"/>
        <line num="342" count="20" type="stmt"/>
        <line num="415" count="20" type="cond" truecount="1" falsecount="1"/>
        <line num="421" count="1" type="stmt"/>
        <line num="422" count="4" type="stmt"/>
        <line num="428" count="1" type="stmt"/>
        <line num="429" count="24" type="stmt"/>
        <line num="430" count="24" type="stmt"/>
        <line num="431" count="24" type="stmt"/>
        <line num="432" count="24" type="stmt"/>
        <line num="433" count="24" type="stmt"/>
        <line num="434" count="24" type="stmt"/>
        <line num="435" count="24" type="stmt"/>
        <line num="441" count="1" type="stmt"/>
        <line num="442" count="23" type="stmt"/>
      </file>
      <file name="redaction.ts" path="/home/runner/work/cloudhealthoffice/cloudhealthoffice/src/ai/redaction.ts">
        <metrics statements="90" coveredstatements="85" conditionals="75" coveredconditionals="67" methods="11" coveredmethods="11"/>
        <line num="9" count="2" type="stmt"/>
        <line num="30" count="2" type="stmt"/>
        <line num="63" count="2" type="stmt"/>
        <line num="64" count="70" type="cond" truecount="2" falsecount="1"/>
        <line num="65" count="0" type="stmt"/>
        <line num="70" count="70" type="stmt"/>
        <line num="71" count="479" type="stmt"/>
        <line num="72" count="479" type="cond" truecount="1" falsecount="0"/>
        <line num="73" count="21" type="stmt"/>
        <line num="77" count="49" type="stmt"/>
        <line num="83" count="2" type="stmt"/>
        <line num="84" count="118" type="cond" truecount="0" falsecount="1"/>
        <line num="86" count="118" type="stmt"/>
        <line num="87" count="118" type="stmt"/>
        <line num="88" count="4871" type="cond" truecount="2" falsecount="0"/>
        <line num="96" count="2" type="cond" truecount="2" falsecount="0"/>
        <line num="97" count="34" type="cond" truecount="3" falsecount="0"/>
        <line num="98" count="3" type="stmt"/>
        <line num="101" count="31" type="cond" truecount="1" falsecount="0"/>
        <line num="102" count="28" type="stmt"/>
        <line num="106" count="3" type="stmt"/>
        <line num="107" count="3" type="stmt"/>
        <line num="108" count="3" type="stmt"/>
        <line num="114" count="2" type="stmt"/>
        <line num="115" count="7" type="cond" truecount="0" falsecount="1"/>
        <line num="116" count="0" type="stmt"/>
        <line num="119" count="7" type="stmt"/>
        <line num="122" count="7" type="stmt"/>
        <line num="123" count="7" type="stmt"/>
        <line num="124" count="7" type="stmt"/>
        <line num="125" count="7" type="stmt"/>
        <line num="126" count="7" type="stmt"/>
        <line num="127" count="7" type="stmt"/>
        <line num="128" count="7" type="stmt"/>
        <line num="129" count="7" type="stmt"/>
        <line num="131" count="7" type="stmt"/>
        <line num="138" count="2" type="stmt"/>
        <line num="143" count="21" type="cond" truecount="2" falsecount="1"/>
        <line num="144" count="0" type="stmt"/>
        <line num="151" count="21" type="cond" truecount="2" falsecount="0"/>
        <line num="154" count="21" type="cond" truecount="1" falsecount="0"/>
        <line num="155" count="2" type="stmt"/>
        <line num="159" count="20" type="cond" truecount="1" falsecount="1"/>
        <line num="161" count="20" type="stmt"/>
        <line num="162" count="74" type="stmt"/>
        <line num="165" count="74" type="cond" truecount="2" falsecount="0"/>
        <line num="166" count="27" type="cond" truecount="2" falsecount="0"/>
        <line num="167" count="26" type="stmt"/>
        <line num="168" count="1" type="cond" truecount="1" falsecount="0"/>
        <line num="169" count="1" type="stmt"/>
        <line num="173" count="47" type="cond" truecount="4" falsecount="0"/>
        <line num="174" count="2" type="stmt"/>
        <line num="177" count="45" type="cond" truecount="4" falsecount="0"/>
        <line num="178" count="5" type="stmt"/>
        <line num="182" count="40" type="stmt"/>
        <line num="186" count="20" type="stmt"/>
        <line num="193" count="2" type="stmt"/>
        <line num="202" count="3" type="cond" truecount="2" falsecount="0"/>
        <line num="204" count="3" type="cond" truecount="2" falsecount="1"/>
        <line num="205" count="0" type="stmt"/>
        <line num="209" count="3" type="stmt"/>
        <line num="212" count="3" type="cond" truecount="1" falsecount="0"/>
        <line num="213" count="2" type="cond" truecount="1" falsecount="0"/>
        <line num="214" count="4" type="cond" truecount="2" falsecount="1"/>
        <line num="215" count="0" type="stmt"/>
        <line num="218" count="4" type="cond" truecount="1" falsecount="1"/>
        <line num="220" count="4" type="stmt"/>
        <line num="221" count="9" type="cond" truecount="2" falsecount="0"/>
        <line num="223" count="9" type="cond" truecount="4" falsecount="0"/>
        <line num="224" count="3" type="stmt"/>
        <line num="225" count="6" type="cond" truecount="3" falsecount="0"/>
        <line num="226" count="2" type="stmt"/>
        <line num="230" count="4" type="stmt"/>
        <line num="233" count="2" type="stmt"/>
        <line num="236" count="3" type="stmt"/>
        <line num="243" count="2" type="stmt"/>
        <line num="244" count="8" type="stmt"/>
        <line num="246" count="8" type="cond" truecount="1" falsecount="0"/>
        <line num="247" count="36" type="cond" truecount="2" falsecount="0"/>
        <line num="248" count="25" type="stmt"/>
        <line num="249" count="200" type="cond" truecount="1" falsecount="0"/>
        <line num="250" count="4" type="stmt"/>
        <line num="253" count="11" type="cond" truecount="3" falsecount="0"/>
        <line num="254" count="11" type="stmt"/>
        <line num="255" count="28" type="cond" truecount="2" falsecount="0"/>
        <line num="257" count="28" type="cond" truecount="4" falsecount="0"/>
        <line num="258" count="4" type="stmt"/>
        <line num="261" count="28" type="stmt"/>
        <line num="266" count="8" type="stmt"/>
        <line num="268" count="8" type="stmt"/>
      </file>
    </package>
    <package name="src.fhir">
      <metrics statements="53" coveredstatements="49" conditionals="58" coveredconditionals="49" methods="13" coveredmethods="13"/>
      <file name="fhirEligibilityMapper.ts" path="/home/runner/work/cloudhealthoffice/cloudhealthoffice/src/fhir/fhirEligibilityMapper.ts">
        <metrics statements="53" coveredstatements="49" conditionals="58" coveredconditionals="49" methods="13" coveredmethods="13"/>
        <line num="19" count="1" type="stmt"/>
        <line num="24" count="19" type="cond" truecount="2" falsecount="0"/>
        <line num="25" count="19" type="stmt"/>
        <line num="28" count="19" type="stmt"/>
        <line num="31" count="19" type="stmt"/>
        <line num="33" count="19" type="stmt"/>
        <line num="46" count="19" type="stmt"/>
        <line num="75" count="19" type="stmt"/>
        <line num="83" count="19" type="stmt"/>
        <line num="156" count="19" type="cond" truecount="3" falsecount="0"/>
        <line num="157" count="1" type="stmt"/>
        <line num="167" count="19" type="stmt"/>
        <line num="178" count="19" type="stmt"/>
        <line num="194" count="19" type="cond" truecount="3" falsecount="0"/>
        <line num="195" count="1" type="stmt"/>
        <line num="209" count="19" type="stmt"/>
        <line num="216" count="19" type="stmt"/>
        <line num="224" count="19" type="stmt"/>
        <line num="231" count="19" type="stmt"/>
        <line num="233" count="19" type="cond" truecount="3" falsecount="0"/>
        <line num="234" count="1" type="stmt"/>
        <line num="241" count="19" type="cond" truecount="3" falsecount="0"/>
        <line num="242" count="1" type="stmt"/>
        <line num="249" count="19" type="cond" truecount="2" falsecount="0"/>
        <line num="256" count="19" type="cond" truecount="3" falsecount="0"/>
        <line num="257" count="18" type="stmt"/>
        <line num="260" count="1" type="stmt"/>
        <line num="261" count="1" type="cond" truecount="1" falsecount="4"/>
        <line num="262" count="0" type="stmt"/>
        <line num="265" count="1" type="stmt"/>
        <line num="275" count="1" type="stmt"/>
        <line num="284" count="19" type="cond" truecount="1" falsecount="0"/>
        <line num="286" count="7" type="stmt"/>
        <line num="287" count="7" type="cond" truecount="6" falsecount="1"/>
        <line num="290" count="3" type="stmt"/>
        <line num="293" count="3" type="stmt"/>
        <line num="296" count="1" type="stmt"/>
        <line num="298" count="0" type="stmt"/>
        <line num="307" count="23" type="cond" truecount="3" falsecount="0"/>
        <line num="308" count="16" type="stmt"/>
        <line num="312" count="7" type="cond" truecount="1" falsecount="0"/>
        <line num="313" count="7" type="stmt"/>
        <line num="316" count="0" type="stmt"/>
        <line num="323" count="2" type="stmt"/>
        <line num="324" count="2" type="stmt"/>
        <line num="326" count="2" type="cond" truecount="3" falsecount="0"/>
        <line num="327" count="2" type="stmt"/>
        <line num="330" count="0" type="stmt"/>
        <line num="338" count="19" type="cond" truecount="3" falsecount="0"/>
        <line num="340" count="16" type="stmt"/>
        <line num="352" count="8" type="stmt"/>
        <line num="368" count="8" type="stmt"/>
        <line num="553" count="8" type="cond" truecount="1" falsecount="1"/>
      </file>
    </package>
    <package name="src.security">
      <metrics statements="60" coveredstatements="56" conditionals="37" coveredconditionals="32" methods="16" coveredmethods="15"/>
      <file name="hipaaLogger.ts" path="/home/runner/work/cloudhealthoffice/cloudhealthoffice/src/security/hipaaLogger.ts">
        <metrics statements="60" coveredstatements="56" conditionals="37" coveredconditionals="32" methods="16" coveredmethods="15"/>
        <line num="34" count="1" type="stmt"/>
        <line num="47" count="1" type="stmt"/>
        <line num="48" count="40" type="cond" truecount="3" falsecount="0"/>
        <line num="50" count="39" type="cond" truecount="1" falsecount="0"/>
        <line num="51" count="1" type="cond" truecount="1" falsecount="1"/>
        <line num="55" count="38" type="stmt"/>
        <line num="56" count="190" type="stmt"/>
        <line num="57" count="152" type="stmt"/>
        <line num="59" count="140" type="stmt"/>
        <line num="65" count="1" type="stmt"/>
        <line num="66" count="19" type="cond" truecount="3" falsecount="0"/>
        <line num="69" count="18" type="cond" truecount="1" falsecount="0"/>
        <line num="71" count="16" type="stmt"/>
        <line num="72" count="16" type="stmt"/>
        <line num="73" count="16" type="stmt"/>
        <line num="75" count="16" type="stmt"/>
        <line num="81" count="1" type="stmt"/>
        <line num="82" count="19" type="cond" truecount="2" falsecount="1"/>
        <line num="84" count="19" type="cond" truecount="2" falsecount="0"/>
        <line num="95" count="19" type="cond" truecount="1" falsecount="0"/>
        <line num="96" count="2" type="stmt"/>
        <line num="99" count="18" type="stmt"/>
        <line num="101" count="18" type="stmt"/>
        <line num="102" count="55" type="stmt"/>
        <line num="105" count="55" type="stmt"/>
        <line num="106" count="869" type="stmt"/>
        <line num="109" count="55" type="cond" truecount="2" falsecount="0"/>
        <line num="110" count="39" type="cond" truecount="3" falsecount="0"/>
        <line num="111" count="15" type="stmt"/>
        <line num="113" count="16" type="cond" truecount="3" falsecount="0"/>
        <line num="115" count="6" type="stmt"/>
        <line num="119" count="18" type="stmt"/>
        <line num="125" count="1" type="stmt"/>
        <line num="127" count="4" type="stmt"/>
        <line num="134" count="4" type="stmt"/>
        <line num="143" count="1" type="stmt"/>
        <line num="144" count="4" type="stmt"/>
        <line num="146" count="1" type="stmt"/>
        <line num="158" count="2" type="stmt"/>
        <line num="171" count="1" type="stmt"/>
        <line num="187" count="1" type="stmt"/>
        <line num="188" count="4" type="stmt"/>
        <line num="190" count="4" type="stmt"/>
        <line num="191" count="13" type="cond" truecount="2" falsecount="0"/>
        <line num="193" count="7" type="cond" truecount="1" falsecount="0"/>
        <line num="194" count="2" type="stmt"/>
        <line num="196" count="7" type="cond" truecount="0" falsecount="1"/>
        <line num="197" count="0" type="stmt"/>
        <line num="199" count="7" type="cond" truecount="0" falsecount="1"/>
        <line num="200" count="0" type="stmt"/>
        <line num="202" count="7" type="cond" truecount="1" falsecount="0"/>
        <line num="203" count="1" type="stmt"/>
        <line num="205" count="6" type="cond" truecount="1" falsecount="1"/>
        <line num="207" count="0" type="stmt"/>
        <line num="208" count="0" type="stmt"/>
        <line num="210" count="6" type="cond" truecount="3" falsecount="0"/>
        <line num="211" count="6" type="stmt"/>
        <line num="212" count="9" type="stmt"/>
        <line num="217" count="4" type="stmt"/>
        <line num="219" count="4" type="stmt"/>
      </file>
    </package>
  </project>
</coverage>
