{"/home/runner/work/cloudhealthoffice/cloudhealthoffice/core/validation/config-validator.ts": {"path":"/home/runner/work/cloudhealthoffice/cloudhealthoffice/core/validation/config-validator.ts","statementMap":{"0":{"start":{"line":6,"column":0},"end":{"line":6,"column":44}},"1":{"start":{"line":14,"column":4},"end":{"line":14,"column":59}},"2":{"start":{"line":15,"column":4},"end":{"line":15,"column":28}},"3":{"start":{"line":19,"column":19},"end":{"line":47,"column":6}},"4":{"start":{"line":49,"column":4},"end":{"line":49,"column":53}},"5":{"start":{"line":53,"column":38},"end":{"line":53,"column":40}},"6":{"start":{"line":54,"column":42},"end":{"line":54,"column":44}},"7":{"start":{"line":57,"column":4},"end":{"line":67,"column":5}},"8":{"start":{"line":58,"column":6},"end":{"line":66,"column":7}},"9":{"start":{"line":59,"column":8},"end":{"line":65,"column":11}},"10":{"start":{"line":60,"column":10},"end":{"line":64,"column":13}},"11":{"start":{"line":70,"column":4},"end":{"line":70,"column":57}},"12":{"start":{"line":72,"column":4},"end":{"line":76,"column":6}},"13":{"start":{"line":81,"column":4},"end":{"line":86,"column":5}},"14":{"start":{"line":82,"column":6},"end":{"line":85,"column":9}},"15":{"start":{"line":88,"column":4},"end":{"line":93,"column":5}},"16":{"start":{"line":89,"column":6},"end":{"line":92,"column":9}},"17":{"start":{"line":95,"column":4},"end":{"line":100,"column":5}},"18":{"start":{"line":96,"column":6},"end":{"line":99,"column":9}},"19":{"start":{"line":103,"column":4},"end":{"line":110,"column":5}},"20":{"start":{"line":104,"column":6},"end":{"line":109,"column":7}},"21":{"start":{"line":105,"column":8},"end":{"line":108,"column":11}},"22":{"start":{"line":112,"column":4},"end":{"line":119,"column":5}},"23":{"start":{"line":113,"column":6},"end":{"line":118,"column":7}},"24":{"start":{"line":114,"column":8},"end":{"line":117,"column":11}},"25":{"start":{"line":122,"column":4},"end":{"line":127,"column":5}},"26":{"start":{"line":123,"column":6},"end":{"line":126,"column":9}},"27":{"start":{"line":130,"column":30},"end":{"line":130,"column":52}},"28":{"start":{"line":131,"column":4},"end":{"line":137,"column":5}},"29":{"start":{"line":132,"column":6},"end":{"line":136,"column":9}},"30":{"start":{"line":140,"column":4},"end":{"line":146,"column":5}},"31":{"start":{"line":141,"column":6},"end":{"line":145,"column":9}},"32":{"start":{"line":148,"column":4},"end":{"line":156,"column":5}},"33":{"start":{"line":151,"column":6},"end":{"line":155,"column":9}},"34":{"start":{"line":9,"column":0},"end":{"line":9,"column":13}},"35":{"start":{"line":162,"column":19},"end":{"line":162,"column":40}},"36":{"start":{"line":165,"column":38},"end":{"line":165,"column":56}},"37":{"start":{"line":166,"column":42},"end":{"line":166,"column":62}},"38":{"start":{"line":169,"column":4},"end":{"line":177,"column":5}},"39":{"start":{"line":170,"column":31},"end":{"line":170,"column":92}},"40":{"start":{"line":170,"column":84},"end":{"line":170,"column":91}},"41":{"start":{"line":171,"column":6},"end":{"line":176,"column":7}},"42":{"start":{"line":172,"column":8},"end":{"line":175,"column":11}},"43":{"start":{"line":179,"column":4},"end":{"line":183,"column":6}},"44":{"start":{"line":187,"column":38},"end":{"line":187,"column":40}},"45":{"start":{"line":188,"column":42},"end":{"line":188,"column":44}},"46":{"start":{"line":191,"column":4},"end":{"line":198,"column":5}},"47":{"start":{"line":192,"column":6},"end":{"line":197,"column":7}},"48":{"start":{"line":193,"column":8},"end":{"line":196,"column":11}},"49":{"start":{"line":200,"column":4},"end":{"line":204,"column":6}},"50":{"start":{"line":208,"column":38},"end":{"line":208,"column":40}},"51":{"start":{"line":209,"column":42},"end":{"line":209,"column":44}},"52":{"start":{"line":212,"column":4},"end":{"line":227,"column":5}},"53":{"start":{"line":213,"column":6},"end":{"line":219,"column":7}},"54":{"start":{"line":214,"column":8},"end":{"line":218,"column":11}},"55":{"start":{"line":220,"column":6},"end":{"line":226,"column":7}},"56":{"start":{"line":221,"column":8},"end":{"line":225,"column":11}},"57":{"start":{"line":229,"column":4},"end":{"line":244,"column":5}},"58":{"start":{"line":230,"column":6},"end":{"line":236,"column":7}},"59":{"start":{"line":231,"column":8},"end":{"line":235,"column":11}},"60":{"start":{"line":237,"column":6},"end":{"line":243,"column":7}},"61":{"start":{"line":238,"column":8},"end":{"line":242,"column":11}},"62":{"start":{"line":246,"column":4},"end":{"line":250,"column":6}},"63":{"start":{"line":254,"column":38},"end":{"line":254,"column":40}},"64":{"start":{"line":255,"column":42},"end":{"line":255,"column":44}},"65":{"start":{"line":259,"column":4},"end":{"line":263,"column":7}},"66":{"start":{"line":265,"column":4},"end":{"line":269,"column":6}},"67":{"start":{"line":273,"column":19},"end":{"line":273,"column":53}},"68":{"start":{"line":275,"column":17},"end":{"line":275,"column":68}},"69":{"start":{"line":276,"column":4},"end":{"line":276,"column":46}},"70":{"start":{"line":277,"column":4},"end":{"line":277,"column":50}},"71":{"start":{"line":278,"column":4},"end":{"line":278,"column":59}},"72":{"start":{"line":279,"column":4},"end":{"line":279,"column":70}},"73":{"start":{"line":281,"column":4},"end":{"line":281,"column":35}},"74":{"start":{"line":282,"column":4},"end":{"line":282,"column":76}},"75":{"start":{"line":283,"column":4},"end":{"line":283,"column":68}},"76":{"start":{"line":284,"column":4},"end":{"line":284,"column":84}},"77":{"start":{"line":285,"column":4},"end":{"line":285,"column":92}},"78":{"start":{"line":287,"column":4},"end":{"line":296,"column":5}},"79":{"start":{"line":288,"column":6},"end":{"line":288,"column":56}},"80":{"start":{"line":289,"column":6},"end":{"line":294,"column":9}},"81":{"start":{"line":290,"column":8},"end":{"line":290,"column":70}},"82":{"start":{"line":291,"column":8},"end":{"line":293,"column":9}},"83":{"start":{"line":292,"column":10},"end":{"line":292,"column":67}},"84":{"start":{"line":295,"column":6},"end":{"line":295,"column":21}},"85":{"start":{"line":298,"column":4},"end":{"line":307,"column":5}},"86":{"start":{"line":299,"column":6},"end":{"line":299,"column":62}},"87":{"start":{"line":300,"column":6},"end":{"line":305,"column":9}},"88":{"start":{"line":301,"column":8},"end":{"line":301,"column":74}},"89":{"start":{"line":302,"column":8},"end":{"line":304,"column":9}},"90":{"start":{"line":303,"column":10},"end":{"line":303,"column":63}},"91":{"start":{"line":306,"column":6},"end":{"line":306,"column":21}},"92":{"start":{"line":309,"column":4},"end":{"line":313,"column":5}},"93":{"start":{"line":310,"column":6},"end":{"line":310,"column":70}},"94":{"start":{"line":312,"column":6},"end":{"line":312,"column":84}},"95":{"start":{"line":315,"column":4},"end":{"line":315,"column":18}},"96":{"start":{"line":319,"column":4},"end":{"line":324,"column":5}},"97":{"start":{"line":320,"column":6},"end":{"line":320,"column":19}},"98":{"start":{"line":321,"column":6},"end":{"line":321,"column":18}},"99":{"start":{"line":323,"column":6},"end":{"line":323,"column":19}},"100":{"start":{"line":160,"column":0},"end":{"line":160,"column":13}}},"fnMap":{"0":{"name":"(anonymous_1)","decl":{"start":{"line":13,"column":2},"end":{"line":13,"column":null}},"loc":{"start":{"line":13,"column":2},"end":{"line":16,"column":3}}},"1":{"name":"(anonymous_2)","decl":{"start":{"line":18,"column":10},"end":{"line":18,"column":26}},"loc":{"start":{"line":18,"column":26},"end":{"line":50,"column":3}}},"2":{"name":"(anonymous_3)","decl":{"start":{"line":52,"column":9},"end":{"line":52,"column":17}},"loc":{"start":{"line":52,"column":37},"end":{"line":77,"column":3}}},"3":{"name":"(anonymous_4)","decl":{"start":{"line":59,"column":45},"end":{"line":59,"column":48}},"loc":{"start":{"line":59,"column":51},"end":{"line":65,"column":9}}},"4":{"name":"(anonymous_5)","decl":{"start":{"line":79,"column":10},"end":{"line":79,"column":31}},"loc":{"start":{"line":79,"column":109},"end":{"line":157,"column":3}}},"5":{"name":"(anonymous_6)","decl":{"start":{"line":161,"column":9},"end":{"line":161,"column":30}},"loc":{"start":{"line":161,"column":50},"end":{"line":184,"column":3}}},"6":{"name":"(anonymous_7)","decl":{"start":{"line":170,"column":73},"end":{"line":170,"column":80}},"loc":{"start":{"line":170,"column":84},"end":{"line":170,"column":91}}},"7":{"name":"(anonymous_8)","decl":{"start":{"line":186,"column":9},"end":{"line":186,"column":32}},"loc":{"start":{"line":186,"column":52},"end":{"line":205,"column":3}}},"8":{"name":"(anonymous_9)","decl":{"start":{"line":207,"column":9},"end":{"line":207,"column":14}},"loc":{"start":{"line":207,"column":52},"end":{"line":251,"column":3}}},"9":{"name":"(anonymous_10)","decl":{"start":{"line":253,"column":9},"end":{"line":253,"column":14}},"loc":{"start":{"line":253,"column":55},"end":{"line":270,"column":3}}},"10":{"name":"(anonymous_11)","decl":{"start":{"line":272,"column":9},"end":{"line":272,"column":33}},"loc":{"start":{"line":272,"column":53},"end":{"line":316,"column":3}}},"11":{"name":"(anonymous_12)","decl":{"start":{"line":289,"column":28},"end":{"line":289,"column":29}},"loc":{"start":{"line":289,"column":43},"end":{"line":294,"column":7}}},"12":{"name":"(anonymous_13)","decl":{"start":{"line":300,"column":30},"end":{"line":300,"column":31}},"loc":{"start":{"line":300,"column":47},"end":{"line":305,"column":7}}},"13":{"name":"(anonymous_14)","decl":{"start":{"line":318,"column":10},"end":{"line":318,"column":20}},"loc":{"start":{"line":318,"column":32},"end":{"line":325,"column":3}}}},"branchMap":{"0":{"loc":{"start":{"line":57,"column":4},"end":{"line":67,"column":5}},"type":"if","locations":[{"start":{"line":57,"column":4},"end":{"line":67,"column":5}}]},"1":{"loc":{"start":{"line":57,"column":8},"end":{"line":57,"column":63}},"type":"binary-expr","locations":[{"start":{"line":57,"column":8},"end":{"line":57,"column":29}},{"start":{"line":57,"column":33},"end":{"line":57,"column":63}}]},"2":{"loc":{"start":{"line":58,"column":6},"end":{"line":66,"column":7}},"type":"if","locations":[{"start":{"line":58,"column":6},"end":{"line":66,"column":7}}]},"3":{"loc":{"start":{"line":61,"column":19},"end":{"line":61,"column":53}},"type":"binary-expr","locations":[{"start":{"line":61,"column":19},"end":{"line":61,"column":35}},{"start":{"line":61,"column":39},"end":{"line":61,"column":53}}]},"4":{"loc":{"start":{"line":62,"column":21},"end":{"line":62,"column":54}},"type":"binary-expr","locations":[{"start":{"line":62,"column":21},"end":{"line":62,"column":32}},{"start":{"line":62,"column":36},"end":{"line":62,"column":54}}]},"5":{"loc":{"start":{"line":81,"column":4},"end":{"line":86,"column":5}},"type":"if","locations":[{"start":{"line":81,"column":4},"end":{"line":86,"column":5}}]},"6":{"loc":{"start":{"line":81,"column":8},"end":{"line":81,"column":57}},"type":"binary-expr","locations":[{"start":{"line":81,"column":8},"end":{"line":81,"column":38}},{"start":{"line":81,"column":42},"end":{"line":81,"column":57}}]},"7":{"loc":{"start":{"line":88,"column":4},"end":{"line":93,"column":5}},"type":"if","locations":[{"start":{"line":88,"column":4},"end":{"line":93,"column":5}}]},"8":{"loc":{"start":{"line":88,"column":8},"end":{"line":88,"column":49}},"type":"binary-expr","locations":[{"start":{"line":88,"column":8},"end":{"line":88,"column":34}},{"start":{"line":88,"column":38},"end":{"line":88,"column":49}}]},"9":{"loc":{"start":{"line":95,"column":4},"end":{"line":100,"column":5}},"type":"if","locations":[{"start":{"line":95,"column":4},"end":{"line":100,"column":5}}]},"10":{"loc":{"start":{"line":95,"column":8},"end":{"line":95,"column":65}},"type":"binary-expr","locations":[{"start":{"line":95,"column":8},"end":{"line":95,"column":42}},{"start":{"line":95,"column":46},"end":{"line":95,"column":65}}]},"11":{"loc":{"start":{"line":103,"column":4},"end":{"line":110,"column":5}},"type":"if","locations":[{"start":{"line":103,"column":4},"end":{"line":110,"column":5}}]},"12":{"loc":{"start":{"line":104,"column":6},"end":{"line":109,"column":7}},"type":"if","locations":[{"start":{"line":104,"column":6},"end":{"line":109,"column":7}}]},"13":{"loc":{"start":{"line":104,"column":10},"end":{"line":104,"column":82}},"type":"binary-expr","locations":[{"start":{"line":104,"column":10},"end":{"line":104,"column":44}},{"start":{"line":104,"column":48},"end":{"line":104,"column":82}}]},"14":{"loc":{"start":{"line":112,"column":4},"end":{"line":119,"column":5}},"type":"if","locations":[{"start":{"line":112,"column":4},"end":{"line":119,"column":5}}]},"15":{"loc":{"start":{"line":113,"column":6},"end":{"line":118,"column":7}},"type":"if","locations":[{"start":{"line":113,"column":6},"end":{"line":118,"column":7}}]},"16":{"loc":{"start":{"line":113,"column":10},"end":{"line":113,"column":74}},"type":"binary-expr","locations":[{"start":{"line":113,"column":10},"end":{"line":113,"column":40}},{"start":{"line":113,"column":44},"end":{"line":113,"column":74}}]},"17":{"loc":{"start":{"line":122,"column":4},"end":{"line":127,"column":5}},"type":"if","locations":[{"start":{"line":122,"column":4},"end":{"line":127,"column":5}}]},"18":{"loc":{"start":{"line":122,"column":8},"end":{"line":122,"column":105}},"type":"binary-expr","locations":[{"start":{"line":122,"column":8},"end":{"line":122,"column":49}},{"start":{"line":122,"column":53},"end":{"line":122,"column":105}}]},"19":{"loc":{"start":{"line":131,"column":4},"end":{"line":137,"column":5}},"type":"if","locations":[{"start":{"line":131,"column":4},"end":{"line":137,"column":5}}]},"20":{"loc":{"start":{"line":131,"column":8},"end":{"line":131,"column":108}},"type":"binary-expr","locations":[{"start":{"line":131,"column":8},"end":{"line":131,"column":42}},{"start":{"line":131,"column":46},"end":{"line":131,"column":108}}]},"21":{"loc":{"start":{"line":140,"column":4},"end":{"line":146,"column":5}},"type":"if","locations":[{"start":{"line":140,"column":4},"end":{"line":146,"column":5}}]},"22":{"loc":{"start":{"line":140,"column":8},"end":{"line":140,"column":112}},"type":"binary-expr","locations":[{"start":{"line":140,"column":8},"end":{"line":140,"column":46}},{"start":{"line":140,"column":50},"end":{"line":140,"column":112}}]},"23":{"loc":{"start":{"line":148,"column":4},"end":{"line":156,"column":5}},"type":"if","locations":[{"start":{"line":148,"column":4},"end":{"line":156,"column":5}}]},"24":{"loc":{"start":{"line":148,"column":8},"end":{"line":150,"column":52}},"type":"binary-expr","locations":[{"start":{"line":148,"column":8},"end":{"line":148,"column":45}},{"start":{"line":149,"column":8},"end":{"line":149,"column":60}},{"start":{"line":150,"column":8},"end":{"line":150,"column":52}}]},"25":{"loc":{"start":{"line":169,"column":4},"end":{"line":177,"column":5}},"type":"if","locations":[{"start":{"line":169,"column":4},"end":{"line":177,"column":5}}]},"26":{"loc":{"start":{"line":171,"column":6},"end":{"line":176,"column":7}},"type":"if","locations":[{"start":{"line":171,"column":6},"end":{"line":176,"column":7}}]},"27":{"loc":{"start":{"line":191,"column":4},"end":{"line":198,"column":5}},"type":"if","locations":[{"start":{"line":191,"column":4},"end":{"line":198,"column":5}}]},"28":{"loc":{"start":{"line":191,"column":8},"end":{"line":191,"column":63}},"type":"binary-expr","locations":[{"start":{"line":191,"column":8},"end":{"line":191,"column":41}},{"start":{"line":191,"column":45},"end":{"line":191,"column":63}}]},"29":{"loc":{"start":{"line":192,"column":6},"end":{"line":197,"column":7}},"type":"if","locations":[{"start":{"line":192,"column":6},"end":{"line":197,"column":7}}]},"30":{"loc":{"start":{"line":212,"column":4},"end":{"line":227,"column":5}},"type":"if","locations":[{"start":{"line":212,"column":4},"end":{"line":227,"column":5}}]},"31":{"loc":{"start":{"line":213,"column":6},"end":{"line":219,"column":7}},"type":"if","locations":[{"start":{"line":213,"column":6},"end":{"line":219,"column":7}}]},"32":{"loc":{"start":{"line":220,"column":6},"end":{"line":226,"column":7}},"type":"if","locations":[{"start":{"line":220,"column":6},"end":{"line":226,"column":7}}]},"33":{"loc":{"start":{"line":229,"column":4},"end":{"line":244,"column":5}},"type":"if","locations":[{"start":{"line":229,"column":4},"end":{"line":244,"column":5}}]},"34":{"loc":{"start":{"line":230,"column":6},"end":{"line":236,"column":7}},"type":"if","locations":[{"start":{"line":230,"column":6},"end":{"line":236,"column":7}}]},"35":{"loc":{"start":{"line":237,"column":6},"end":{"line":243,"column":7}},"type":"if","locations":[{"start":{"line":237,"column":6},"end":{"line":243,"column":7}}]},"36":{"loc":{"start":{"line":282,"column":30},"end":{"line":282,"column":71}},"type":"cond-expr","locations":[{"start":{"line":282,"column":62},"end":{"line":282,"column":65}},{"start":{"line":282,"column":68},"end":{"line":282,"column":71}}]},"37":{"loc":{"start":{"line":283,"column":26},"end":{"line":283,"column":63}},"type":"cond-expr","locations":[{"start":{"line":283,"column":54},"end":{"line":283,"column":57}},{"start":{"line":283,"column":60},"end":{"line":283,"column":63}}]},"38":{"loc":{"start":{"line":284,"column":34},"end":{"line":284,"column":79}},"type":"cond-expr","locations":[{"start":{"line":284,"column":70},"end":{"line":284,"column":73}},{"start":{"line":284,"column":76},"end":{"line":284,"column":79}}]},"39":{"loc":{"start":{"line":285,"column":37},"end":{"line":285,"column":85}},"type":"cond-expr","locations":[{"start":{"line":285,"column":76},"end":{"line":285,"column":79}},{"start":{"line":285,"column":82},"end":{"line":285,"column":85}}]},"40":{"loc":{"start":{"line":287,"column":4},"end":{"line":296,"column":5}},"type":"if","locations":[{"start":{"line":287,"column":4},"end":{"line":296,"column":5}}]},"41":{"loc":{"start":{"line":291,"column":8},"end":{"line":293,"column":9}},"type":"if","locations":[{"start":{"line":291,"column":8},"end":{"line":293,"column":9}}]},"42":{"loc":{"start":{"line":298,"column":4},"end":{"line":307,"column":5}},"type":"if","locations":[{"start":{"line":298,"column":4},"end":{"line":307,"column":5}}]},"43":{"loc":{"start":{"line":302,"column":8},"end":{"line":304,"column":9}},"type":"if","locations":[{"start":{"line":302,"column":8},"end":{"line":304,"column":9}}]},"44":{"loc":{"start":{"line":309,"column":4},"end":{"line":313,"column":5}},"type":"if","locations":[{"start":{"line":309,"column":4},"end":{"line":313,"column":5}},{"start":{"line":311,"column":11},"end":{"line":313,"column":5}}]}},"s":{"0":2,"1":23,"2":23,"3":23,"4":23,"5":20,"6":20,"7":20,"8":3,"9":3,"10":16,"11":20,"12":20,"13":20,"14":2,"15":20,"16":0,"17":20,"18":0,"19":20,"20":13,"21":0,"22":20,"23":12,"24":0,"25":20,"26":0,"27":20,"28":20,"29":0,"30":20,"31":1,"32":20,"33":1,"34":2,"35":15,"36":15,"37":15,"38":15,"39":14,"40":17,"41":14,"42":1,"43":15,"44":0,"45":0,"46":0,"47":0,"48":0,"49":0,"50":2,"51":2,"52":2,"53":2,"54":1,"55":2,"56":0,"57":2,"58":0,"59":0,"60":0,"61":0,"62":2,"63":0,"64":0,"65":0,"66":0,"67":1,"68":1,"69":1,"70":1,"71":1,"72":1,"73":1,"74":1,"75":1,"76":1,"77":1,"78":1,"79":1,"80":1,"81":1,"82":1,"83":0,"84":1,"85":1,"86":0,"87":0,"88":0,"89":0,"90":0,"91":0,"92":1,"93":0,"94":1,"95":1,"96":4,"97":4,"98":3,"99":1,"100":2},"f":{"0":23,"1":23,"2":20,"3":16,"4":20,"5":15,"6":17,"7":0,"8":2,"9":0,"10":1,"11":1,"12":0,"13":4},"b":{"0":[3],"1":[20,20],"2":[3],"3":[16,13],"4":[16,0],"5":[2],"6":[20,15],"7":[0],"8":[20,12],"9":[0],"10":[20,12],"11":[13],"12":[0],"13":[13,13],"14":[12],"15":[0],"16":[12,12],"17":[0],"18":[20,17],"19":[0],"20":[20,17],"21":[1],"22":[20,17],"23":[1],"24":[20,17,17],"25":[14],"26":[1],"27":[0],"28":[0,0],"29":[0],"30":[2],"31":[1],"32":[0],"33":[0],"34":[0],"35":[0],"36":[1,0],"37":[0,1],"38":[0,1],"39":[0,1],"40":[1],"41":[0],"42":[0],"43":[0],"44":[0,1]}}
,"/home/runner/work/cloudhealthoffice/cloudhealthoffice/scripts/generate-payer-deployment.ts": {"path":"/home/runner/work/cloudhealthoffice/cloudhealthoffice/scripts/generate-payer-deployment.ts","statementMap":{"0":{"start":{"line":727,"column":0},"end":{"line":727,"column":7}},"1":{"start":{"line":6,"column":0},"end":{"line":6,"column":25}},"2":{"start":{"line":7,"column":0},"end":{"line":7,"column":29}},"3":{"start":{"line":8,"column":0},"end":{"line":8,"column":41}},"4":{"start":{"line":10,"column":0},"end":{"line":10,"column":74}},"5":{"start":{"line":11,"column":0},"end":{"line":11,"column":59}},"6":{"start":{"line":19,"column":4},"end":{"line":19,"column":47}},"7":{"start":{"line":20,"column":4},"end":{"line":20,"column":74}},"8":{"start":{"line":21,"column":4},"end":{"line":21,"column":80}},"9":{"start":{"line":24,"column":4},"end":{"line":24,"column":22}},"10":{"start":{"line":31,"column":4},"end":{"line":33,"column":5}},"11":{"start":{"line":32,"column":6},"end":{"line":32,"column":69}},"12":{"start":{"line":35,"column":26},"end":{"line":35,"column":62}},"13":{"start":{"line":36,"column":32},"end":{"line":36,"column":57}},"14":{"start":{"line":39,"column":29},"end":{"line":39,"column":73}},"15":{"start":{"line":40,"column":4},"end":{"line":45,"column":5}},"16":{"start":{"line":41,"column":28},"end":{"line":43,"column":19}},"17":{"start":{"line":42,"column":18},"end":{"line":42,"column":49}},"18":{"start":{"line":44,"column":6},"end":{"line":44,"column":76}},"19":{"start":{"line":48,"column":4},"end":{"line":56,"column":5}},"20":{"start":{"line":49,"column":6},"end":{"line":49,"column":50}},"21":{"start":{"line":50,"column":6},"end":{"line":55,"column":9}},"22":{"start":{"line":51,"column":8},"end":{"line":51,"column":54}},"23":{"start":{"line":52,"column":8},"end":{"line":54,"column":9}},"24":{"start":{"line":53,"column":10},"end":{"line":53,"column":58}},"25":{"start":{"line":58,"column":4},"end":{"line":58,"column":18}},"26":{"start":{"line":65,"column":25},"end":{"line":65,"column":58}},"27":{"start":{"line":66,"column":4},"end":{"line":66,"column":52}},"28":{"start":{"line":68,"column":42},"end":{"line":68,"column":44}},"29":{"start":{"line":71,"column":4},"end":{"line":73,"column":5}},"30":{"start":{"line":72,"column":6},"end":{"line":72,"column":53}},"31":{"start":{"line":75,"column":4},"end":{"line":77,"column":5}},"32":{"start":{"line":76,"column":6},"end":{"line":76,"column":57}},"33":{"start":{"line":79,"column":4},"end":{"line":87,"column":5}},"34":{"start":{"line":80,"column":6},"end":{"line":86,"column":8}},"35":{"start":{"line":90,"column":4},"end":{"line":92,"column":5}},"36":{"start":{"line":91,"column":6},"end":{"line":91,"column":70}},"37":{"start":{"line":94,"column":4},"end":{"line":94,"column":90}},"38":{"start":{"line":105,"column":25},"end":{"line":108,"column":null}},"39":{"start":{"line":111,"column":4},"end":{"line":114,"column":5}},"40":{"start":{"line":112,"column":6},"end":{"line":112,"column":75}},"41":{"start":{"line":113,"column":6},"end":{"line":113,"column":13}},"42":{"start":{"line":116,"column":28},"end":{"line":116,"column":66}},"43":{"start":{"line":117,"column":21},"end":{"line":117,"column":56}},"44":{"start":{"line":118,"column":21},"end":{"line":118,"column":37}},"45":{"start":{"line":121,"column":4},"end":{"line":125,"column":5}},"46":{"start":{"line":122,"column":6},"end":{"line":122,"column":27}},"47":{"start":{"line":124,"column":6},"end":{"line":124,"column":88}},"48":{"start":{"line":127,"column":24},"end":{"line":127,"column":61}},"49":{"start":{"line":128,"column":4},"end":{"line":128,"column":51}},"50":{"start":{"line":130,"column":23},"end":{"line":130,"column":62}},"51":{"start":{"line":131,"column":4},"end":{"line":131,"column":52}},"52":{"start":{"line":133,"column":4},"end":{"line":133,"column":53}},"53":{"start":{"line":140,"column":21},"end":{"line":140,"column":59}},"54":{"start":{"line":141,"column":4},"end":{"line":141,"column":48}},"55":{"start":{"line":144,"column":4},"end":{"line":144,"column":68}},"56":{"start":{"line":147,"column":4},"end":{"line":147,"column":56}},"57":{"start":{"line":150,"column":23},"end":{"line":150,"column":53}},"58":{"start":{"line":151,"column":4},"end":{"line":151,"column":50}},"59":{"start":{"line":153,"column":4},"end":{"line":155,"column":5}},"60":{"start":{"line":154,"column":6},"end":{"line":154,"column":79}},"61":{"start":{"line":157,"column":4},"end":{"line":159,"column":5}},"62":{"start":{"line":158,"column":6},"end":{"line":158,"column":75}},"63":{"start":{"line":162,"column":4},"end":{"line":162,"column":58}},"64":{"start":{"line":164,"column":4},"end":{"line":164,"column":71}},"65":{"start":{"line":175,"column":25},"end":{"line":178,"column":null}},"66":{"start":{"line":181,"column":4},"end":{"line":188,"column":5}},"67":{"start":{"line":182,"column":6},"end":{"line":182,"column":102}},"68":{"start":{"line":184,"column":26},"end":{"line":184,"column":80}},"69":{"start":{"line":185,"column":25},"end":{"line":185,"column":66}},"70":{"start":{"line":186,"column":6},"end":{"line":186,"column":57}},"71":{"start":{"line":187,"column":6},"end":{"line":187,"column":13}},"72":{"start":{"line":190,"column":28},"end":{"line":190,"column":66}},"73":{"start":{"line":191,"column":21},"end":{"line":191,"column":56}},"74":{"start":{"line":192,"column":21},"end":{"line":192,"column":37}},"75":{"start":{"line":194,"column":23},"end":{"line":194,"column":64}},"76":{"start":{"line":195,"column":4},"end":{"line":195,"column":52}},"77":{"start":{"line":197,"column":4},"end":{"line":197,"column":41}},"78":{"start":{"line":204,"column":23},"end":{"line":221,"column":6}},"79":{"start":{"line":223,"column":23},"end":{"line":223,"column":61}},"80":{"start":{"line":224,"column":4},"end":{"line":224,"column":79}},"81":{"start":{"line":225,"column":4},"end":{"line":225,"column":39}},"82":{"start":{"line":232,"column":19},"end":{"line":267,"column":2}},"83":{"start":{"line":269,"column":23},"end":{"line":269,"column":55}},"84":{"start":{"line":270,"column":4},"end":{"line":270,"column":50}},"85":{"start":{"line":271,"column":4},"end":{"line":271,"column":36}},"86":{"start":{"line":272,"column":4},"end":{"line":272,"column":33}},"87":{"start":{"line":279,"column":20},"end":{"line":279,"column":48}},"88":{"start":{"line":280,"column":4},"end":{"line":280,"column":47}},"89":{"start":{"line":283,"column":4},"end":{"line":283,"column":54}},"90":{"start":{"line":286,"column":4},"end":{"line":286,"column":57}},"91":{"start":{"line":289,"column":4},"end":{"line":289,"column":51}},"92":{"start":{"line":292,"column":4},"end":{"line":292,"column":49}},"93":{"start":{"line":294,"column":4},"end":{"line":294,"column":59}},"94":{"start":{"line":301,"column":20},"end":{"line":367,"column":2}},"95":{"start":{"line":369,"column":4},"end":{"line":369,"column":76}},"96":{"start":{"line":370,"column":4},"end":{"line":370,"column":37}},"97":{"start":{"line":377,"column":20},"end":{"line":466,"column":2}},"98":{"start":{"line":394,"column":62},"end":{"line":394,"column":111}},"99":{"start":{"line":408,"column":41},"end":{"line":408,"column":142}},"100":{"start":{"line":412,"column":38},"end":{"line":412,"column":103}},"101":{"start":{"line":433,"column":65},"end":{"line":433,"column":114}},"102":{"start":{"line":451,"column":106},"end":{"line":451,"column":107}},"103":{"start":{"line":451,"column":122},"end":{"line":451,"column":123}},"104":{"start":{"line":465,"column":67},"end":{"line":465,"column":91}},"105":{"start":{"line":468,"column":4},"end":{"line":468,"column":79}},"106":{"start":{"line":469,"column":4},"end":{"line":469,"column":40}},"107":{"start":{"line":476,"column":20},"end":{"line":550,"column":2}},"108":{"start":{"line":552,"column":4},"end":{"line":552,"column":73}},"109":{"start":{"line":553,"column":4},"end":{"line":553,"column":34}},"110":{"start":{"line":560,"column":20},"end":{"line":609,"column":2}},"111":{"start":{"line":586,"column":62},"end":{"line":586,"column":97}},"112":{"start":{"line":611,"column":4},"end":{"line":611,"column":74}},"113":{"start":{"line":612,"column":4},"end":{"line":612,"column":33}},"114":{"start":{"line":619,"column":23},"end":{"line":619,"column":54}},"115":{"start":{"line":620,"column":4},"end":{"line":620,"column":50}},"116":{"start":{"line":623,"column":4},"end":{"line":625,"column":5}},"117":{"start":{"line":624,"column":6},"end":{"line":624,"column":59}},"118":{"start":{"line":627,"column":4},"end":{"line":627,"column":56}},"119":{"start":{"line":635,"column":32},"end":{"line":654,"column":6}},"120":{"start":{"line":646,"column":56},"end":{"line":646,"column":62}},"121":{"start":{"line":656,"column":4},"end":{"line":660,"column":6}},"122":{"start":{"line":661,"column":4},"end":{"line":661,"column":43}},"123":{"start":{"line":664,"column":28},"end":{"line":676,"column":6}},"124":{"start":{"line":671,"column":53},"end":{"line":671,"column":59}},"125":{"start":{"line":678,"column":4},"end":{"line":682,"column":6}},"126":{"start":{"line":683,"column":4},"end":{"line":683,"column":45}},"127":{"start":{"line":691,"column":22},"end":{"line":691,"column":52}},"128":{"start":{"line":692,"column":4},"end":{"line":692,"column":49}},"129":{"start":{"line":694,"column":23},"end":{"line":694,"column":64}},"130":{"start":{"line":695,"column":4},"end":{"line":695,"column":75}},"131":{"start":{"line":697,"column":4},"end":{"line":697,"column":62}},"132":{"start":{"line":704,"column":4},"end":{"line":720,"column":2}},"133":{"start":{"line":13,"column":0},"end":{"line":13,"column":13}},"134":{"start":{"line":728,"column":15},"end":{"line":728,"column":36}},"135":{"start":{"line":730,"column":2},"end":{"line":733,"column":3}},"136":{"start":{"line":731,"column":4},"end":{"line":731,"column":89}},"137":{"start":{"line":732,"column":4},"end":{"line":732,"column":20}},"138":{"start":{"line":735,"column":21},"end":{"line":735,"column":28}},"139":{"start":{"line":736,"column":20},"end":{"line":736,"column":27}},"140":{"start":{"line":738,"column":2},"end":{"line":760,"column":3}},"141":{"start":{"line":739,"column":22},"end":{"line":739,"column":52}},"142":{"start":{"line":741,"column":4},"end":{"line":741,"column":53}},"143":{"start":{"line":742,"column":19},"end":{"line":742,"column":62}},"144":{"start":{"line":744,"column":27},"end":{"line":744,"column":93}},"145":{"start":{"line":746,"column":4},"end":{"line":746,"column":73}},"146":{"start":{"line":747,"column":4},"end":{"line":747,"column":50}},"147":{"start":{"line":749,"column":4},"end":{"line":749,"column":62}},"148":{"start":{"line":750,"column":4},"end":{"line":750,"column":67}},"149":{"start":{"line":751,"column":4},"end":{"line":751,"column":66}},"150":{"start":{"line":752,"column":4},"end":{"line":752,"column":60}},"151":{"start":{"line":753,"column":4},"end":{"line":753,"column":62}},"152":{"start":{"line":755,"column":4},"end":{"line":755,"column":68}},"153":{"start":{"line":756,"column":4},"end":{"line":756,"column":48}},"154":{"start":{"line":758,"column":4},"end":{"line":758,"column":82}},"155":{"start":{"line":759,"column":4},"end":{"line":759,"column":20}},"156":{"start":{"line":764,"column":0},"end":{"line":766,"column":1}},"157":{"start":{"line":765,"column":2},"end":{"line":765,"column":9}}},"fnMap":{"0":{"name":"(anonymous_9)","decl":{"start":{"line":18,"column":2},"end":{"line":18,"column":14}},"loc":{"start":{"line":18,"column":59},"end":{"line":25,"column":3}}},"1":{"name":"(anonymous_10)","decl":{"start":{"line":30,"column":9},"end":{"line":30,"column":14}},"loc":{"start":{"line":30,"column":49},"end":{"line":59,"column":3}}},"2":{"name":"(anonymous_11)","decl":{"start":{"line":42,"column":13},"end":{"line":42,"column":14}},"loc":{"start":{"line":42,"column":18},"end":{"line":42,"column":49}}},"3":{"name":"(anonymous_12)","decl":{"start":{"line":50,"column":40},"end":{"line":50,"column":41}},"loc":{"start":{"line":50,"column":44},"end":{"line":55,"column":7}}},"4":{"name":"(anonymous_13)","decl":{"start":{"line":64,"column":9},"end":{"line":64,"column":14}},"loc":{"start":{"line":64,"column":71},"end":{"line":95,"column":3}}},"5":{"name":"(anonymous_14)","decl":{"start":{"line":100,"column":10},"end":{"line":100,"column":15}},"loc":{"start":{"line":103,"column":24},"end":{"line":134,"column":3}}},"6":{"name":"(anonymous_15)","decl":{"start":{"line":139,"column":9},"end":{"line":139,"column":14}},"loc":{"start":{"line":139,"column":76},"end":{"line":165,"column":3}}},"7":{"name":"(anonymous_16)","decl":{"start":{"line":170,"column":10},"end":{"line":170,"column":15}},"loc":{"start":{"line":173,"column":21},"end":{"line":198,"column":3}}},"8":{"name":"(anonymous_17)","decl":{"start":{"line":203,"column":10},"end":{"line":203,"column":15}},"loc":{"start":{"line":203,"column":76},"end":{"line":226,"column":3}}},"9":{"name":"(anonymous_18)","decl":{"start":{"line":231,"column":10},"end":{"line":231,"column":15}},"loc":{"start":{"line":231,"column":78},"end":{"line":273,"column":3}}},"10":{"name":"(anonymous_19)","decl":{"start":{"line":278,"column":9},"end":{"line":278,"column":14}},"loc":{"start":{"line":278,"column":75},"end":{"line":295,"column":3}}},"11":{"name":"(anonymous_20)","decl":{"start":{"line":300,"column":10},"end":{"line":300,"column":15}},"loc":{"start":{"line":300,"column":74},"end":{"line":371,"column":3}}},"12":{"name":"(anonymous_21)","decl":{"start":{"line":376,"column":10},"end":{"line":376,"column":15}},"loc":{"start":{"line":376,"column":77},"end":{"line":470,"column":3}}},"13":{"name":"(anonymous_22)","decl":{"start":{"line":394,"column":44},"end":{"line":394,"column":45}},"loc":{"start":{"line":394,"column":62},"end":{"line":394,"column":111}}},"14":{"name":"(anonymous_23)","decl":{"start":{"line":408,"column":36},"end":{"line":408,"column":37}},"loc":{"start":{"line":408,"column":41},"end":{"line":408,"column":142}}},"15":{"name":"(anonymous_24)","decl":{"start":{"line":412,"column":33},"end":{"line":412,"column":34}},"loc":{"start":{"line":412,"column":38},"end":{"line":412,"column":103}}},"16":{"name":"(anonymous_25)","decl":{"start":{"line":433,"column":47},"end":{"line":433,"column":48}},"loc":{"start":{"line":433,"column":65},"end":{"line":433,"column":114}}},"17":{"name":"(anonymous_26)","decl":{"start":{"line":451,"column":94},"end":{"line":451,"column":95}},"loc":{"start":{"line":451,"column":106},"end":{"line":451,"column":107}}},"18":{"name":"(anonymous_27)","decl":{"start":{"line":451,"column":113},"end":{"line":451,"column":114}},"loc":{"start":{"line":451,"column":122},"end":{"line":451,"column":123}}},"19":{"name":"(anonymous_28)","decl":{"start":{"line":465,"column":49},"end":{"line":465,"column":50}},"loc":{"start":{"line":465,"column":67},"end":{"line":465,"column":91}}},"20":{"name":"(anonymous_29)","decl":{"start":{"line":475,"column":10},"end":{"line":475,"column":15}},"loc":{"start":{"line":475,"column":71},"end":{"line":554,"column":3}}},"21":{"name":"(anonymous_30)","decl":{"start":{"line":559,"column":10},"end":{"line":559,"column":15}},"loc":{"start":{"line":559,"column":69},"end":{"line":613,"column":3}}},"22":{"name":"(anonymous_31)","decl":{"start":{"line":586,"column":44},"end":{"line":586,"column":45}},"loc":{"start":{"line":586,"column":62},"end":{"line":586,"column":97}}},"23":{"name":"(anonymous_32)","decl":{"start":{"line":618,"column":9},"end":{"line":618,"column":14}},"loc":{"start":{"line":618,"column":69},"end":{"line":628,"column":3}}},"24":{"name":"(anonymous_33)","decl":{"start":{"line":633,"column":10},"end":{"line":633,"column":15}},"loc":{"start":{"line":633,"column":77},"end":{"line":684,"column":3}}},"25":{"name":"(anonymous_34)","decl":{"start":{"line":646,"column":51},"end":{"line":646,"column":52}},"loc":{"start":{"line":646,"column":56},"end":{"line":646,"column":62}}},"26":{"name":"(anonymous_35)","decl":{"start":{"line":671,"column":48},"end":{"line":671,"column":49}},"loc":{"start":{"line":671,"column":53},"end":{"line":671,"column":59}}},"27":{"name":"(anonymous_36)","decl":{"start":{"line":689,"column":9},"end":{"line":689,"column":14}},"loc":{"start":{"line":689,"column":71},"end":{"line":698,"column":3}}},"28":{"name":"(anonymous_37)","decl":{"start":{"line":703,"column":10},"end":{"line":703,"column":41}},"loc":{"start":{"line":703,"column":79},"end":{"line":721,"column":3}}},"29":{"name":"main","decl":{"start":{"line":727,"column":22},"end":{"line":727,"column":26}},"loc":{"start":{"line":727,"column":26},"end":{"line":761,"column":1}}}},"branchMap":{"0":{"loc":{"start":{"line":20,"column":24},"end":{"line":20,"column":73}},"type":"binary-expr","locations":[{"start":{"line":20,"column":24},"end":{"line":20,"column":36}},{"start":{"line":20,"column":40},"end":{"line":20,"column":73}}]},"1":{"loc":{"start":{"line":21,"column":25},"end":{"line":21,"column":79}},"type":"binary-expr","locations":[{"start":{"line":21,"column":25},"end":{"line":21,"column":38}},{"start":{"line":21,"column":42},"end":{"line":21,"column":79}}]},"2":{"loc":{"start":{"line":31,"column":4},"end":{"line":33,"column":5}},"type":"if","locations":[{"start":{"line":31,"column":4},"end":{"line":33,"column":5}}]},"3":{"loc":{"start":{"line":40,"column":4},"end":{"line":45,"column":5}},"type":"if","locations":[{"start":{"line":40,"column":4},"end":{"line":45,"column":5}}]},"4":{"loc":{"start":{"line":48,"column":4},"end":{"line":56,"column":5}},"type":"if","locations":[{"start":{"line":48,"column":4},"end":{"line":56,"column":5}}]},"5":{"loc":{"start":{"line":52,"column":8},"end":{"line":54,"column":9}},"type":"if","locations":[{"start":{"line":52,"column":8},"end":{"line":54,"column":9}}]},"6":{"loc":{"start":{"line":71,"column":4},"end":{"line":73,"column":5}},"type":"if","locations":[{"start":{"line":71,"column":4},"end":{"line":73,"column":5}}]},"7":{"loc":{"start":{"line":71,"column":8},"end":{"line":71,"column":56}},"type":"binary-expr","locations":[{"start":{"line":71,"column":8},"end":{"line":71,"column":33}},{"start":{"line":71,"column":37},"end":{"line":71,"column":56}}]},"8":{"loc":{"start":{"line":75,"column":4},"end":{"line":77,"column":5}},"type":"if","locations":[{"start":{"line":75,"column":4},"end":{"line":77,"column":5}}]},"9":{"loc":{"start":{"line":75,"column":8},"end":{"line":75,"column":72}},"type":"binary-expr","locations":[{"start":{"line":75,"column":8},"end":{"line":75,"column":41}},{"start":{"line":75,"column":45},"end":{"line":75,"column":72}}]},"10":{"loc":{"start":{"line":79,"column":4},"end":{"line":87,"column":5}},"type":"if","locations":[{"start":{"line":79,"column":4},"end":{"line":87,"column":5}}]},"11":{"loc":{"start":{"line":79,"column":8},"end":{"line":79,"column":64}},"type":"binary-expr","locations":[{"start":{"line":79,"column":8},"end":{"line":79,"column":37}},{"start":{"line":79,"column":41},"end":{"line":79,"column":64}}]},"12":{"loc":{"start":{"line":111,"column":4},"end":{"line":114,"column":5}},"type":"if","locations":[{"start":{"line":111,"column":4},"end":{"line":114,"column":5}}]},"13":{"loc":{"start":{"line":153,"column":4},"end":{"line":155,"column":5}},"type":"if","locations":[{"start":{"line":153,"column":4},"end":{"line":155,"column":5}}]},"14":{"loc":{"start":{"line":153,"column":8},"end":{"line":153,"column":64}},"type":"binary-expr","locations":[{"start":{"line":153,"column":8},"end":{"line":153,"column":37}},{"start":{"line":153,"column":41},"end":{"line":153,"column":64}}]},"15":{"loc":{"start":{"line":157,"column":4},"end":{"line":159,"column":5}},"type":"if","locations":[{"start":{"line":157,"column":4},"end":{"line":159,"column":5}}]},"16":{"loc":{"start":{"line":157,"column":8},"end":{"line":157,"column":56}},"type":"binary-expr","locations":[{"start":{"line":157,"column":8},"end":{"line":157,"column":33}},{"start":{"line":157,"column":37},"end":{"line":157,"column":56}}]},"17":{"loc":{"start":{"line":181,"column":4},"end":{"line":188,"column":5}},"type":"if","locations":[{"start":{"line":181,"column":4},"end":{"line":188,"column":5}}]},"18":{"loc":{"start":{"line":331,"column":2},"end":{"line":331,"column":143}},"type":"cond-expr","locations":[{"start":{"line":331,"column":54},"end":{"line":331,"column":138}},{"start":{"line":331,"column":141},"end":{"line":331,"column":143}}]},"19":{"loc":{"start":{"line":332,"column":2},"end":{"line":332,"column":131}},"type":"cond-expr","locations":[{"start":{"line":332,"column":50},"end":{"line":332,"column":126}},{"start":{"line":332,"column":129},"end":{"line":332,"column":131}}]},"20":{"loc":{"start":{"line":333,"column":2},"end":{"line":333,"column":136}},"type":"cond-expr","locations":[{"start":{"line":333,"column":54},"end":{"line":333,"column":131}},{"start":{"line":333,"column":134},"end":{"line":333,"column":136}}]},"21":{"loc":{"start":{"line":353,"column":2},"end":{"line":353,"column":85}},"type":"cond-expr","locations":[{"start":{"line":353,"column":34},"end":{"line":353,"column":58}},{"start":{"line":353,"column":61},"end":{"line":353,"column":85}}]},"22":{"loc":{"start":{"line":354,"column":2},"end":{"line":354,"column":99}},"type":"cond-expr","locations":[{"start":{"line":354,"column":30},"end":{"line":354,"column":63}},{"start":{"line":354,"column":66},"end":{"line":354,"column":99}}]},"23":{"loc":{"start":{"line":355,"column":2},"end":{"line":355,"column":111}},"type":"cond-expr","locations":[{"start":{"line":355,"column":38},"end":{"line":355,"column":73}},{"start":{"line":355,"column":76},"end":{"line":355,"column":111}}]},"24":{"loc":{"start":{"line":356,"column":2},"end":{"line":356,"column":84}},"type":"cond-expr","locations":[{"start":{"line":356,"column":41},"end":{"line":356,"column":61}},{"start":{"line":356,"column":64},"end":{"line":356,"column":84}}]},"25":{"loc":{"start":{"line":366,"column":34},"end":{"line":366,"column":93}},"type":"binary-expr","locations":[{"start":{"line":366,"column":34},"end":{"line":366,"column":65}},{"start":{"line":366,"column":69},"end":{"line":366,"column":93}}]},"26":{"loc":{"start":{"line":388,"column":2},"end":{"line":388,"column":98}},"type":"cond-expr","locations":[{"start":{"line":388,"column":36},"end":{"line":388,"column":93}},{"start":{"line":388,"column":96},"end":{"line":388,"column":98}}]},"27":{"loc":{"start":{"line":394,"column":79},"end":{"line":394,"column":109}},"type":"cond-expr","locations":[{"start":{"line":394,"column":87},"end":{"line":394,"column":96}},{"start":{"line":394,"column":99},"end":{"line":394,"column":109}}]},"28":{"loc":{"start":{"line":396,"column":2},"end":{"line":420,"column":6}},"type":"cond-expr","locations":[{"start":{"line":396,"column":28},"end":{"line":420,"column":2}},{"start":{"line":420,"column":4},"end":{"line":420,"column":6}}]},"29":{"loc":{"start":{"line":408,"column":92},"end":{"line":408,"column":139}},"type":"cond-expr","locations":[{"start":{"line":408,"column":116},"end":{"line":408,"column":126}},{"start":{"line":408,"column":129},"end":{"line":408,"column":139}}]},"30":{"loc":{"start":{"line":412,"column":75},"end":{"line":412,"column":101}},"type":"cond-expr","locations":[{"start":{"line":412,"column":87},"end":{"line":412,"column":96}},{"start":{"line":412,"column":99},"end":{"line":412,"column":101}}]},"31":{"loc":{"start":{"line":422,"column":2},"end":{"line":434,"column":6}},"type":"cond-expr","locations":[{"start":{"line":422,"column":24},"end":{"line":434,"column":2}},{"start":{"line":434,"column":4},"end":{"line":434,"column":6}}]},"32":{"loc":{"start":{"line":433,"column":82},"end":{"line":433,"column":112}},"type":"cond-expr","locations":[{"start":{"line":433,"column":90},"end":{"line":433,"column":99}},{"start":{"line":433,"column":102},"end":{"line":433,"column":112}}]},"33":{"loc":{"start":{"line":436,"column":2},"end":{"line":452,"column":6}},"type":"cond-expr","locations":[{"start":{"line":436,"column":32},"end":{"line":452,"column":2}},{"start":{"line":452,"column":4},"end":{"line":452,"column":6}}]},"34":{"loc":{"start":{"line":490,"column":2},"end":{"line":508,"column":6}},"type":"cond-expr","locations":[{"start":{"line":490,"column":30},"end":{"line":508,"column":2}},{"start":{"line":508,"column":4},"end":{"line":508,"column":6}}]},"35":{"loc":{"start":{"line":510,"column":2},"end":{"line":519,"column":6}},"type":"cond-expr","locations":[{"start":{"line":510,"column":34},"end":{"line":519,"column":2}},{"start":{"line":519,"column":4},"end":{"line":519,"column":6}}]},"36":{"loc":{"start":{"line":549,"column":31},"end":{"line":549,"column":90}},"type":"binary-expr","locations":[{"start":{"line":549,"column":31},"end":{"line":549,"column":62}},{"start":{"line":549,"column":66},"end":{"line":549,"column":90}}]},"37":{"loc":{"start":{"line":586,"column":67},"end":{"line":586,"column":84}},"type":"cond-expr","locations":[{"start":{"line":586,"column":75},"end":{"line":586,"column":78}},{"start":{"line":586,"column":81},"end":{"line":586,"column":84}}]},"38":{"loc":{"start":{"line":598,"column":17},"end":{"line":598,"column":76}},"type":"binary-expr","locations":[{"start":{"line":598,"column":17},"end":{"line":598,"column":48}},{"start":{"line":598,"column":52},"end":{"line":598,"column":76}}]},"39":{"loc":{"start":{"line":623,"column":4},"end":{"line":625,"column":5}},"type":"if","locations":[{"start":{"line":623,"column":4},"end":{"line":625,"column":5}}]},"40":{"loc":{"start":{"line":623,"column":8},"end":{"line":623,"column":64}},"type":"binary-expr","locations":[{"start":{"line":623,"column":8},"end":{"line":623,"column":37}},{"start":{"line":623,"column":41},"end":{"line":623,"column":64}}]},"41":{"loc":{"start":{"line":730,"column":2},"end":{"line":733,"column":3}},"type":"if","locations":[{"start":{"line":730,"column":2},"end":{"line":733,"column":3}}]},"42":{"loc":{"start":{"line":744,"column":27},"end":{"line":744,"column":93}},"type":"binary-expr","locations":[{"start":{"line":744,"column":27},"end":{"line":744,"column":36}},{"start":{"line":744,"column":40},"end":{"line":744,"column":93}}]},"43":{"loc":{"start":{"line":758,"column":32},"end":{"line":758,"column":78}},"type":"cond-expr","locations":[{"start":{"line":758,"column":57},"end":{"line":758,"column":70}},{"start":{"line":758,"column":73},"end":{"line":758,"column":78}}]},"44":{"loc":{"start":{"line":764,"column":0},"end":{"line":766,"column":1}},"type":"if","locations":[{"start":{"line":764,"column":0},"end":{"line":766,"column":1}}]}},"s":{"0":1,"1":1,"2":1,"3":1,"4":1,"5":1,"6":14,"7":14,"8":14,"9":14,"10":14,"11":1,"12":13,"13":13,"14":13,"15":13,"16":1,"17":7,"18":1,"19":12,"20":0,"21":0,"22":0,"23":0,"24":0,"25":12,"26":3,"27":3,"28":3,"29":3,"30":3,"31":3,"32":3,"33":3,"34":3,"35":3,"36":24,"37":3,"38":24,"39":24,"40":21,"41":21,"42":3,"43":3,"44":3,"45":3,"46":3,"47":0,"48":3,"49":3,"50":3,"51":3,"52":3,"53":4,"54":4,"55":4,"56":4,"57":4,"58":4,"59":4,"60":4,"61":4,"62":4,"63":4,"64":4,"65":12,"66":12,"67":12,"68":12,"69":12,"70":12,"71":12,"72":0,"73":0,"74":0,"75":0,"76":0,"77":0,"78":4,"79":4,"80":4,"81":4,"82":4,"83":4,"84":4,"85":4,"86":4,"87":3,"88":3,"89":3,"90":3,"91":3,"92":3,"93":3,"94":3,"95":3,"96":3,"97":3,"98":12,"99":12,"100":18,"101":12,"102":9,"103":9,"104":12,"105":3,"106":3,"107":3,"108":3,"109":3,"110":3,"111":12,"112":3,"113":3,"114":3,"115":3,"116":3,"117":3,"118":3,"119":3,"120":12,"121":3,"122":3,"123":3,"124":18,"125":3,"126":3,"127":2,"128":2,"129":2,"130":2,"131":2,"132":12,"133":1,"134":0,"135":0,"136":0,"137":0,"138":0,"139":0,"140":0,"141":0,"142":0,"143":0,"144":0,"145":0,"146":0,"147":0,"148":0,"149":0,"150":0,"151":0,"152":0,"153":0,"154":0,"155":0,"156":1,"157":0},"f":{"0":14,"1":14,"2":7,"3":0,"4":3,"5":24,"6":4,"7":12,"8":4,"9":4,"10":3,"11":3,"12":3,"13":12,"14":12,"15":18,"16":12,"17":9,"18":9,"19":12,"20":3,"21":3,"22":12,"23":3,"24":3,"25":12,"26":18,"27":2,"28":12,"29":0},"b":{"0":[14,14],"1":[14,14],"2":[1],"3":[1],"4":[0],"5":[0],"6":[3],"7":[3,3],"8":[3],"9":[3,3],"10":[3],"11":[3,3],"12":[21],"13":[4],"14":[4,4],"15":[4],"16":[4,4],"17":[12],"18":[3,0],"19":[3,0],"20":[3,0],"21":[3,0],"22":[3,0],"23":[3,0],"24":[3,0],"25":[3,0],"26":[3,0],"27":[12,0],"28":[3,0],"29":[6,6],"30":[9,9],"31":[3,0],"32":[12,0],"33":[3,0],"34":[3,0],"35":[3,0],"36":[3,0],"37":[12,0],"38":[3,0],"39":[3],"40":[3,3],"41":[0],"42":[0,0],"43":[0,0],"44":[0]}}
,"/home/runner/work/cloudhealthoffice/cloudhealthoffice/src/ai/edi277Resolution.ts": {"path":"/home/runner/work/cloudhealthoffice/cloudhealthoffice/src/ai/edi277Resolution.ts","statementMap":{"0":{"start":{"line":198,"column":0},"end":{"line":198,"column":7}},"1":{"start":{"line":421,"column":0},"end":{"line":421,"column":16}},"2":{"start":{"line":428,"column":0},"end":{"line":428,"column":16}},"3":{"start":{"line":441,"column":0},"end":{"line":441,"column":16}},"4":{"start":{"line":1,"column":0},"end":{"line":1,"column":37}},"5":{"start":{"line":2,"column":0},"end":{"line":2,"column":55}},"6":{"start":{"line":66,"column":0},"end":{"line":66,"column":null}},"7":{"start":{"line":67,"column":2},"end":{"line":67,"column":null}},"8":{"start":{"line":68,"column":2},"end":{"line":68,"column":null}},"9":{"start":{"line":69,"column":2},"end":{"line":69,"column":null}},"10":{"start":{"line":70,"column":2},"end":{"line":70,"column":null}},"11":{"start":{"line":71,"column":2},"end":{"line":71,"column":null}},"12":{"start":{"line":72,"column":2},"end":{"line":72,"column":null}},"13":{"start":{"line":73,"column":2},"end":{"line":73,"column":null}},"14":{"start":{"line":74,"column":2},"end":{"line":74,"column":null}},"15":{"start":{"line":75,"column":2},"end":{"line":75,"column":null}},"16":{"start":{"line":76,"column":2},"end":{"line":76,"column":null}},"17":{"start":{"line":80,"column":35},"end":{"line":88,"column":2}},"18":{"start":{"line":91,"column":18},"end":{"line":91,"column":19}},"19":{"start":{"line":97,"column":20},"end":{"line":97,"column":43}},"20":{"start":{"line":98,"column":15},"end":{"line":98,"column":38}},"21":{"start":{"line":101,"column":2},"end":{"line":103,"column":3}},"22":{"start":{"line":102,"column":4},"end":{"line":102,"column":43}},"23":{"start":{"line":106,"column":2},"end":{"line":108,"column":3}},"24":{"start":{"line":107,"column":4},"end":{"line":107,"column":45}},"25":{"start":{"line":111,"column":2},"end":{"line":113,"column":3}},"26":{"start":{"line":112,"column":4},"end":{"line":112,"column":43}},"27":{"start":{"line":116,"column":2},"end":{"line":118,"column":3}},"28":{"start":{"line":117,"column":4},"end":{"line":117,"column":45}},"29":{"start":{"line":121,"column":2},"end":{"line":123,"column":3}},"30":{"start":{"line":122,"column":4},"end":{"line":122,"column":45}},"31":{"start":{"line":126,"column":2},"end":{"line":128,"column":3}},"32":{"start":{"line":127,"column":4},"end":{"line":127,"column":41}},"33":{"start":{"line":131,"column":2},"end":{"line":133,"column":3}},"34":{"start":{"line":132,"column":4},"end":{"line":132,"column":39}},"35":{"start":{"line":136,"column":2},"end":{"line":138,"column":3}},"36":{"start":{"line":137,"column":4},"end":{"line":137,"column":38}},"37":{"start":{"line":141,"column":2},"end":{"line":143,"column":3}},"38":{"start":{"line":142,"column":4},"end":{"line":142,"column":45}},"39":{"start":{"line":145,"column":2},"end":{"line":145,"column":31}},"40":{"start":{"line":152,"column":21},"end":{"line":152,"column":104}},"41":{"start":{"line":154,"column":57},"end":{"line":184,"column":4}},"42":{"start":{"line":186,"column":2},"end":{"line":187,"column":172}},"43":{"start":{"line":203,"column":20},"end":{"line":203,"column":30}},"44":{"start":{"line":204,"column":2},"end":{"line":204,"column":26}},"45":{"start":{"line":206,"column":2},"end":{"line":335,"column":3}},"46":{"start":{"line":208,"column":21},"end":{"line":208,"column":80}},"47":{"start":{"line":209,"column":19},"end":{"line":209,"column":75}},"48":{"start":{"line":210,"column":27},"end":{"line":210,"column":99}},"49":{"start":{"line":211,"column":22},"end":{"line":211,"column":46}},"50":{"start":{"line":212,"column":24},"end":{"line":212,"column":50}},"51":{"start":{"line":213,"column":24},"end":{"line":213,"column":51}},"52":{"start":{"line":216,"column":33},"end":{"line":216,"column":57}},"53":{"start":{"line":217,"column":4},"end":{"line":220,"column":5}},"54":{"start":{"line":218,"column":6},"end":{"line":218,"column":30}},"55":{"start":{"line":219,"column":6},"end":{"line":219,"column":119}},"56":{"start":{"line":221,"column":4},"end":{"line":221,"column":29}},"57":{"start":{"line":224,"column":21},"end":{"line":224,"column":74}},"58":{"start":{"line":227,"column":4},"end":{"line":247,"column":5}},"59":{"start":{"line":228,"column":6},"end":{"line":228,"column":33}},"60":{"start":{"line":229,"column":6},"end":{"line":229,"column":35}},"61":{"start":{"line":231,"column":30},"end":{"line":231,"column":67}},"62":{"start":{"line":232,"column":29},"end":{"line":232,"column":51}},"63":{"start":{"line":235,"column":6},"end":{"line":236,"column":123}},"64":{"start":{"line":238,"column":6},"end":{"line":246,"column":8}},"65":{"start":{"line":250,"column":4},"end":{"line":252,"column":5}},"66":{"start":{"line":251,"column":6},"end":{"line":251,"column":135}},"67":{"start":{"line":255,"column":24},"end":{"line":255,"column":46}},"68":{"start":{"line":258,"column":25},"end":{"line":258,"column":50}},"69":{"start":{"line":261,"column":24},"end":{"line":267,"column":76}},"70":{"start":{"line":270,"column":19},"end":{"line":275,"column":6}},"71":{"start":{"line":277,"column":21},"end":{"line":288,"column":6}},"72":{"start":{"line":290,"column":20},"end":{"line":290,"column":63}},"73":{"start":{"line":291,"column":23},"end":{"line":291,"column":56}},"74":{"start":{"line":294,"column":32},"end":{"line":294,"column":34}},"75":{"start":{"line":295,"column":4},"end":{"line":308,"column":5}},"76":{"start":{"line":297,"column":6},"end":{"line":297,"column":40}},"77":{"start":{"line":298,"column":6},"end":{"line":300,"column":7}},"78":{"start":{"line":299,"column":8},"end":{"line":299,"column":32}},"79":{"start":{"line":303,"column":6},"end":{"line":307,"column":21}},"80":{"start":{"line":305,"column":28},"end":{"line":305,"column":36}},"81":{"start":{"line":306,"column":31},"end":{"line":306,"column":61}},"82":{"start":{"line":311,"column":28},"end":{"line":311,"column":62}},"83":{"start":{"line":311,"column":49},"end":{"line":311,"column":61}},"84":{"start":{"line":313,"column":27},"end":{"line":313,"column":49}},"85":{"start":{"line":316,"column":4},"end":{"line":316,"column":33}},"86":{"start":{"line":317,"column":4},"end":{"line":318,"column":121}},"87":{"start":{"line":319,"column":4},"end":{"line":320,"column":111}},"88":{"start":{"line":322,"column":4},"end":{"line":330,"column":6}},"89":{"start":{"line":333,"column":4},"end":{"line":333,"column":29}},"90":{"start":{"line":334,"column":4},"end":{"line":334,"column":16}},"91":{"start":{"line":342,"column":59},"end":{"line":413,"column":4}},"92":{"start":{"line":415,"column":2},"end":{"line":415,"column":77}},"93":{"start":{"line":422,"column":2},"end":{"line":422,"column":24}},"94":{"start":{"line":429,"column":2},"end":{"line":429,"column":28}},"95":{"start":{"line":430,"column":2},"end":{"line":430,"column":33}},"96":{"start":{"line":431,"column":2},"end":{"line":431,"column":29}},"97":{"start":{"line":432,"column":2},"end":{"line":432,"column":38}},"98":{"start":{"line":433,"column":2},"end":{"line":433,"column":32}},"99":{"start":{"line":434,"column":2},"end":{"line":434,"column":28}},"100":{"start":{"line":435,"column":2},"end":{"line":435,"column":31}},"101":{"start":{"line":442,"column":2},"end":{"line":442,"column":18}}},"fnMap":{"0":{"name":"(anonymous_0)","decl":{"start":{"line":66,"column":0},"end":{"line":66,"column":12}},"loc":{"start":{"line":66,"column":25},"end":{"line":77,"column":1}}},"1":{"name":"categorizeError","decl":{"start":{"line":96,"column":9},"end":{"line":96,"column":24}},"loc":{"start":{"line":96,"column":61},"end":{"line":146,"column":1}}},"2":{"name":"getSystemPrompt","decl":{"start":{"line":151,"column":9},"end":{"line":151,"column":24}},"loc":{"start":{"line":151,"column":48},"end":{"line":188,"column":1}}},"3":{"name":"resolveEdi277Claim","decl":{"start":{"line":198,"column":22},"end":{"line":198,"column":40}},"loc":{"start":{"line":201,"column":34},"end":{"line":336,"column":1}}},"4":{"name":"(anonymous_4)","decl":{"start":{"line":305,"column":13},"end":{"line":305,"column":14}},"loc":{"start":{"line":305,"column":28},"end":{"line":305,"column":36}}},"5":{"name":"(anonymous_5)","decl":{"start":{"line":306,"column":16},"end":{"line":306,"column":17}},"loc":{"start":{"line":306,"column":31},"end":{"line":306,"column":61}}},"6":{"name":"(anonymous_6)","decl":{"start":{"line":311,"column":44},"end":{"line":311,"column":45}},"loc":{"start":{"line":311,"column":49},"end":{"line":311,"column":61}}},"7":{"name":"getMockSuggestions","decl":{"start":{"line":341,"column":9},"end":{"line":341,"column":27}},"loc":{"start":{"line":341,"column":75},"end":{"line":416,"column":1}}},"8":{"name":"getMetrics","decl":{"start":{"line":421,"column":16},"end":{"line":421,"column":26}},"loc":{"start":{"line":421,"column":26},"end":{"line":423,"column":1}}},"9":{"name":"resetMetrics","decl":{"start":{"line":428,"column":16},"end":{"line":428,"column":28}},"loc":{"start":{"line":428,"column":28},"end":{"line":436,"column":1}}},"10":{"name":"resetRateLimiter","decl":{"start":{"line":441,"column":16},"end":{"line":441,"column":32}},"loc":{"start":{"line":441,"column":32},"end":{"line":443,"column":1}}}},"branchMap":{"0":{"loc":{"start":{"line":66,"column":12},"end":{"line":66,"column":null}},"type":"binary-expr","locations":[{"start":{"line":66,"column":12},"end":{"line":66,"column":25}},{"start":{"line":66,"column":25},"end":{"line":66,"column":null}}]},"1":{"loc":{"start":{"line":101,"column":2},"end":{"line":103,"column":3}},"type":"if","locations":[{"start":{"line":101,"column":2},"end":{"line":103,"column":3}}]},"2":{"loc":{"start":{"line":101,"column":6},"end":{"line":101,"column":104}},"type":"binary-expr","locations":[{"start":{"line":101,"column":6},"end":{"line":101,"column":34}},{"start":{"line":101,"column":39},"end":{"line":101,"column":68}},{"start":{"line":101,"column":72},"end":{"line":101,"column":103}}]},"3":{"loc":{"start":{"line":106,"column":2},"end":{"line":108,"column":3}},"type":"if","locations":[{"start":{"line":106,"column":2},"end":{"line":108,"column":3}}]},"4":{"loc":{"start":{"line":106,"column":6},"end":{"line":106,"column":72}},"type":"binary-expr","locations":[{"start":{"line":106,"column":6},"end":{"line":106,"column":35}},{"start":{"line":106,"column":39},"end":{"line":106,"column":72}}]},"5":{"loc":{"start":{"line":111,"column":2},"end":{"line":113,"column":3}},"type":"if","locations":[{"start":{"line":111,"column":2},"end":{"line":113,"column":3}}]},"6":{"loc":{"start":{"line":111,"column":6},"end":{"line":111,"column":107}},"type":"binary-expr","locations":[{"start":{"line":111,"column":6},"end":{"line":111,"column":34}},{"start":{"line":111,"column":38},"end":{"line":111,"column":71}},{"start":{"line":111,"column":75},"end":{"line":111,"column":107}}]},"7":{"loc":{"start":{"line":116,"column":2},"end":{"line":118,"column":3}},"type":"if","locations":[{"start":{"line":116,"column":2},"end":{"line":118,"column":3}}]},"8":{"loc":{"start":{"line":116,"column":6},"end":{"line":116,"column":109}},"type":"binary-expr","locations":[{"start":{"line":116,"column":6},"end":{"line":116,"column":36}},{"start":{"line":116,"column":41},"end":{"line":116,"column":73}},{"start":{"line":116,"column":77},"end":{"line":116,"column":108}}]},"9":{"loc":{"start":{"line":121,"column":2},"end":{"line":123,"column":3}},"type":"if","locations":[{"start":{"line":121,"column":2},"end":{"line":123,"column":3}}]},"10":{"loc":{"start":{"line":121,"column":6},"end":{"line":121,"column":86}},"type":"binary-expr","locations":[{"start":{"line":121,"column":6},"end":{"line":121,"column":38}},{"start":{"line":121,"column":42},"end":{"line":121,"column":86}}]},"11":{"loc":{"start":{"line":126,"column":2},"end":{"line":128,"column":3}},"type":"if","locations":[{"start":{"line":126,"column":2},"end":{"line":128,"column":3}}]},"12":{"loc":{"start":{"line":126,"column":6},"end":{"line":126,"column":61}},"type":"binary-expr","locations":[{"start":{"line":126,"column":6},"end":{"line":126,"column":37}},{"start":{"line":126,"column":41},"end":{"line":126,"column":61}}]},"13":{"loc":{"start":{"line":131,"column":2},"end":{"line":133,"column":3}},"type":"if","locations":[{"start":{"line":131,"column":2},"end":{"line":133,"column":3}}]},"14":{"loc":{"start":{"line":131,"column":6},"end":{"line":131,"column":86}},"type":"binary-expr","locations":[{"start":{"line":131,"column":6},"end":{"line":131,"column":41}},{"start":{"line":131,"column":45},"end":{"line":131,"column":86}}]},"15":{"loc":{"start":{"line":136,"column":2},"end":{"line":138,"column":3}},"type":"if","locations":[{"start":{"line":136,"column":2},"end":{"line":138,"column":3}}]},"16":{"loc":{"start":{"line":136,"column":6},"end":{"line":136,"column":102}},"type":"binary-expr","locations":[{"start":{"line":136,"column":6},"end":{"line":136,"column":32}},{"start":{"line":136,"column":37},"end":{"line":136,"column":66}},{"start":{"line":136,"column":70},"end":{"line":136,"column":101}}]},"17":{"loc":{"start":{"line":141,"column":2},"end":{"line":143,"column":3}},"type":"if","locations":[{"start":{"line":141,"column":2},"end":{"line":143,"column":3}}]},"18":{"loc":{"start":{"line":141,"column":6},"end":{"line":141,"column":105}},"type":"binary-expr","locations":[{"start":{"line":141,"column":6},"end":{"line":141,"column":35}},{"start":{"line":141,"column":39},"end":{"line":141,"column":69}},{"start":{"line":141,"column":73},"end":{"line":141,"column":105}}]},"19":{"loc":{"start":{"line":200,"column":2},"end":{"line":200,"column":18}},"type":"default-arg","locations":[{"start":{"line":200,"column":13},"end":{"line":200,"column":18}}]},"20":{"loc":{"start":{"line":208,"column":21},"end":{"line":208,"column":80}},"type":"binary-expr","locations":[{"start":{"line":208,"column":21},"end":{"line":208,"column":37}},{"start":{"line":208,"column":41},"end":{"line":208,"column":74}},{"start":{"line":208,"column":78},"end":{"line":208,"column":80}}]},"21":{"loc":{"start":{"line":209,"column":19},"end":{"line":209,"column":75}},"type":"binary-expr","locations":[{"start":{"line":209,"column":19},"end":{"line":209,"column":33}},{"start":{"line":209,"column":37},"end":{"line":209,"column":69}},{"start":{"line":209,"column":73},"end":{"line":209,"column":75}}]},"22":{"loc":{"start":{"line":210,"column":27},"end":{"line":210,"column":99}},"type":"binary-expr","locations":[{"start":{"line":210,"column":27},"end":{"line":210,"column":49}},{"start":{"line":210,"column":53},"end":{"line":210,"column":88}},{"start":{"line":210,"column":92},"end":{"line":210,"column":99}}]},"23":{"loc":{"start":{"line":211,"column":22},"end":{"line":211,"column":46}},"type":"binary-expr","locations":[{"start":{"line":211,"column":22},"end":{"line":211,"column":39}},{"start":{"line":211,"column":43},"end":{"line":211,"column":46}}]},"24":{"loc":{"start":{"line":212,"column":24},"end":{"line":212,"column":50}},"type":"binary-expr","locations":[{"start":{"line":212,"column":24},"end":{"line":212,"column":43}},{"start":{"line":212,"column":47},"end":{"line":212,"column":50}}]},"25":{"loc":{"start":{"line":213,"column":24},"end":{"line":213,"column":51}},"type":"binary-expr","locations":[{"start":{"line":213,"column":24},"end":{"line":213,"column":43}},{"start":{"line":213,"column":47},"end":{"line":213,"column":51}}]},"26":{"loc":{"start":{"line":217,"column":4},"end":{"line":220,"column":5}},"type":"if","locations":[{"start":{"line":217,"column":4},"end":{"line":220,"column":5}}]},"27":{"loc":{"start":{"line":227,"column":4},"end":{"line":247,"column":5}},"type":"if","locations":[{"start":{"line":227,"column":4},"end":{"line":247,"column":5}}]},"28":{"loc":{"start":{"line":250,"column":4},"end":{"line":252,"column":5}},"type":"if","locations":[{"start":{"line":250,"column":4},"end":{"line":252,"column":5}}]},"29":{"loc":{"start":{"line":250,"column":8},"end":{"line":250,"column":28}},"type":"binary-expr","locations":[{"start":{"line":250,"column":8},"end":{"line":250,"column":17}},{"start":{"line":250,"column":21},"end":{"line":250,"column":28}}]},"30":{"loc":{"start":{"line":264,"column":19},"end":{"line":264,"column":58}},"type":"binary-expr","locations":[{"start":{"line":264,"column":19},"end":{"line":264,"column":45}},{"start":{"line":264,"column":49},"end":{"line":264,"column":58}}]},"31":{"loc":{"start":{"line":290,"column":20},"end":{"line":290,"column":63}},"type":"binary-expr","locations":[{"start":{"line":290,"column":20},"end":{"line":290,"column":57}},{"start":{"line":290,"column":61},"end":{"line":290,"column":63}}]},"32":{"loc":{"start":{"line":291,"column":23},"end":{"line":291,"column":56}},"type":"binary-expr","locations":[{"start":{"line":291,"column":23},"end":{"line":291,"column":51}},{"start":{"line":291,"column":55},"end":{"line":291,"column":56}}]},"33":{"loc":{"start":{"line":298,"column":6},"end":{"line":300,"column":7}},"type":"if","locations":[{"start":{"line":298,"column":6},"end":{"line":300,"column":7}}]},"34":{"loc":{"start":{"line":306,"column":31},"end":{"line":306,"column":61}},"type":"binary-expr","locations":[{"start":{"line":306,"column":31},"end":{"line":306,"column":43}},{"start":{"line":306,"column":47},"end":{"line":306,"column":61}}]},"35":{"loc":{"start":{"line":415,"column":9},"end":{"line":415,"column":76}},"type":"binary-expr","locations":[{"start":{"line":415,"column":9},"end":{"line":415,"column":34}},{"start":{"line":415,"column":38},"end":{"line":415,"column":76}}]}},"s":{"0":1,"1":1,"2":1,"3":1,"4":1,"5":1,"6":1,"7":1,"8":1,"9":1,"10":1,"11":1,"12":1,"13":1,"14":1,"15":1,"16":1,"17":1,"18":1,"19":21,"20":21,"21":21,"22":2,"23":19,"24":1,"25":18,"26":1,"27":17,"28":1,"29":16,"30":1,"31":15,"32":1,"33":14,"34":1,"35":13,"36":1,"37":12,"38":1,"39":11,"40":0,"41":0,"42":0,"43":23,"44":23,"45":23,"46":23,"47":23,"48":23,"49":23,"50":23,"51":23,"52":23,"53":23,"54":2,"55":2,"56":21,"57":21,"58":21,"59":20,"60":20,"61":20,"62":20,"63":20,"64":20,"65":1,"66":1,"67":0,"68":0,"69":0,"70":0,"71":0,"72":0,"73":0,"74":0,"75":0,"76":0,"77":0,"78":0,"79":0,"80":0,"81":0,"82":0,"83":0,"84":0,"85":0,"86":0,"87":0,"88":0,"89":3,"90":3,"91":20,"92":20,"93":4,"94":24,"95":24,"96":24,"97":24,"98":24,"99":24,"100":24,"101":23},"f":{"0":1,"1":21,"2":0,"3":23,"4":0,"5":0,"6":0,"7":20,"8":4,"9":24,"10":23},"b":{"0":[1,1],"1":[2],"2":[21,3,1],"3":[1],"4":[19,2],"5":[1],"6":[18,17,17],"7":[1],"8":[17,1,1],"9":[1],"10":[16,15],"11":[1],"12":[15,14],"13":[1],"14":[14,13],"15":[1],"16":[13,2,1],"17":[1],"18":[12,11,11],"19":[0],"20":[23,23,23],"21":[23,23,23],"22":[23,23,23],"23":[23,23],"24":[23,23],"25":[23,21],"26":[2],"27":[20],"28":[1],"29":[1,0],"30":[0,0],"31":[0,0],"32":[0,0],"33":[0],"34":[0,0],"35":[20,0]}}
,"/home/runner/work/cloudhealthoffice/cloudhealthoffice/src/ai/redaction.ts": {"path":"/home/runner/work/cloudhealthoffice/cloudhealthoffice/src/ai/redaction.ts","statementMap":{"0":{"start":{"line":63,"column":0},"end":{"line":63,"column":16}},"1":{"start":{"line":83,"column":0},"end":{"line":83,"column":16}},"2":{"start":{"line":96,"column":0},"end":{"line":96,"column":16}},"3":{"start":{"line":114,"column":0},"end":{"line":114,"column":16}},"4":{"start":{"line":138,"column":0},"end":{"line":138,"column":16}},"5":{"start":{"line":193,"column":0},"end":{"line":193,"column":16}},"6":{"start":{"line":243,"column":0},"end":{"line":243,"column":16}},"7":{"start":{"line":9,"column":24},"end":{"line":24,"column":2}},"8":{"start":{"line":30,"column":21},"end":{"line":58,"column":2}},"9":{"start":{"line":64,"column":2},"end":{"line":66,"column":3}},"10":{"start":{"line":65,"column":4},"end":{"line":65,"column":17}},"11":{"start":{"line":70,"column":2},"end":{"line":75,"column":3}},"12":{"start":{"line":71,"column":4},"end":{"line":71,"column":26}},"13":{"start":{"line":72,"column":4},"end":{"line":74,"column":5}},"14":{"start":{"line":73,"column":6},"end":{"line":73,"column":18}},"15":{"start":{"line":77,"column":2},"end":{"line":77,"column":15}},"16":{"start":{"line":84,"column":2},"end":{"line":84,"column":31}},"17":{"start":{"line":84,"column":18},"end":{"line":84,"column":31}},"18":{"start":{"line":86,"column":25},"end":{"line":86,"column":48}},"19":{"start":{"line":87,"column":2},"end":{"line":90,"column":4}},"20":{"start":{"line":88,"column":4},"end":{"line":89,"column":50}},"21":{"start":{"line":97,"column":2},"end":{"line":99,"column":3}},"22":{"start":{"line":98,"column":4},"end":{"line":98,"column":15}},"23":{"start":{"line":101,"column":2},"end":{"line":103,"column":3}},"24":{"start":{"line":102,"column":4},"end":{"line":102,"column":28}},"25":{"start":{"line":106,"column":17},"end":{"line":106,"column":72}},"26":{"start":{"line":107,"column":18},"end":{"line":107,"column":42}},"27":{"start":{"line":108,"column":2},"end":{"line":108,"column":26}},"28":{"start":{"line":115,"column":2},"end":{"line":117,"column":3}},"29":{"start":{"line":116,"column":4},"end":{"line":116,"column":16}},"30":{"start":{"line":119,"column":17},"end":{"line":119,"column":21}},"31":{"start":{"line":122,"column":2},"end":{"line":122,"column":63}},"32":{"start":{"line":123,"column":2},"end":{"line":123,"column":65}},"33":{"start":{"line":124,"column":2},"end":{"line":124,"column":68}},"34":{"start":{"line":125,"column":2},"end":{"line":125,"column":62}},"35":{"start":{"line":126,"column":2},"end":{"line":126,"column":57}},"36":{"start":{"line":127,"column":2},"end":{"line":127,"column":78}},"37":{"start":{"line":128,"column":2},"end":{"line":128,"column":73}},"38":{"start":{"line":129,"column":2},"end":{"line":129,"column":66}},"39":{"start":{"line":131,"column":2},"end":{"line":131,"column":18}},"40":{"start":{"line":143,"column":2},"end":{"line":145,"column":3}},"41":{"start":{"line":144,"column":4},"end":{"line":144,"column":15}},"42":{"start":{"line":151,"column":6},"end":{"line":151,"column":19}},"43":{"start":{"line":154,"column":2},"end":{"line":156,"column":3}},"44":{"start":{"line":155,"column":4},"end":{"line":155,"column":73}},"45":{"start":{"line":155,"column":27},"end":{"line":155,"column":55}},"46":{"start":{"line":159,"column":22},"end":{"line":159,"column":57}},"47":{"start":{"line":161,"column":2},"end":{"line":184,"column":3}},"48":{"start":{"line":162,"column":19},"end":{"line":162,"column":35}},"49":{"start":{"line":165,"column":4},"end":{"line":183,"column":5}},"50":{"start":{"line":166,"column":6},"end":{"line":170,"column":7}},"51":{"start":{"line":167,"column":8},"end":{"line":167,"column":63}},"52":{"start":{"line":168,"column":13},"end":{"line":170,"column":7}},"53":{"start":{"line":169,"column":8},"end":{"line":169,"column":39}},"54":{"start":{"line":173,"column":9},"end":{"line":183,"column":5}},"55":{"start":{"line":174,"column":6},"end":{"line":174,"column":37}},"56":{"start":{"line":177,"column":9},"end":{"line":183,"column":5}},"57":{"start":{"line":178,"column":6},"end":{"line":178,"column":50}},"58":{"start":{"line":182,"column":6},"end":{"line":182,"column":26}},"59":{"start":{"line":186,"column":2},"end":{"line":186,"column":21}},"60":{"start":{"line":202,"column":6},"end":{"line":202,"column":19}},"61":{"start":{"line":204,"column":2},"end":{"line":206,"column":3}},"62":{"start":{"line":205,"column":4},"end":{"line":205,"column":15}},"63":{"start":{"line":209,"column":13},"end":{"line":209,"column":84}},"64":{"start":{"line":212,"column":2},"end":{"line":234,"column":3}},"65":{"start":{"line":213,"column":20},"end":{"line":231,"column":5}},"66":{"start":{"line":214,"column":6},"end":{"line":216,"column":7}},"67":{"start":{"line":215,"column":8},"end":{"line":215,"column":23}},"68":{"start":{"line":218,"column":21},"end":{"line":218,"column":75}},"69":{"start":{"line":220,"column":6},"end":{"line":228,"column":7}},"70":{"start":{"line":221,"column":26},"end":{"line":221,"column":55}},"71":{"start":{"line":223,"column":8},"end":{"line":227,"column":9}},"72":{"start":{"line":224,"column":10},"end":{"line":224,"column":37}},"73":{"start":{"line":225,"column":15},"end":{"line":227,"column":9}},"74":{"start":{"line":226,"column":10},"end":{"line":226,"column":71}},"75":{"start":{"line":230,"column":6},"end":{"line":230,"column":20}},"76":{"start":{"line":233,"column":4},"end":{"line":233,"column":30}},"77":{"start":{"line":236,"column":2},"end":{"line":236,"column":14}},"78":{"start":{"line":244,"column":31},"end":{"line":244,"column":33}},"79":{"start":{"line":246,"column":21},"end":{"line":264,"column":3}},"80":{"start":{"line":247,"column":4},"end":{"line":263,"column":5}},"81":{"start":{"line":248,"column":6},"end":{"line":252,"column":7}},"82":{"start":{"line":249,"column":8},"end":{"line":251,"column":9}},"83":{"start":{"line":250,"column":10},"end":{"line":250,"column":79}},"84":{"start":{"line":253,"column":11},"end":{"line":263,"column":5}},"85":{"start":{"line":254,"column":6},"end":{"line":262,"column":7}},"86":{"start":{"line":255,"column":24},"end":{"line":255,"column":53}},"87":{"start":{"line":257,"column":8},"end":{"line":259,"column":9}},"88":{"start":{"line":258,"column":10},"end":{"line":258,"column":64}},"89":{"start":{"line":261,"column":8},"end":{"line":261,"column":40}},"90":{"start":{"line":266,"column":2},"end":{"line":266,"column":18}},"91":{"start":{"line":268,"column":2},"end":{"line":271,"column":4}}},"fnMap":{"0":{"name":"isPHI","decl":{"start":{"line":63,"column":16},"end":{"line":63,"column":21}},"loc":{"start":{"line":63,"column":33},"end":{"line":78,"column":1}}},"1":{"name":"isPHIFieldName","decl":{"start":{"line":83,"column":16},"end":{"line":83,"column":30}},"loc":{"start":{"line":83,"column":48},"end":{"line":91,"column":1}}},"2":{"name":"(anonymous_2)","decl":{"start":{"line":87,"column":30},"end":{"line":87,"column":37}},"loc":{"start":{"line":88,"column":4},"end":{"line":89,"column":50}}},"3":{"name":"maskValue","decl":{"start":{"line":96,"column":16},"end":{"line":96,"column":25}},"loc":{"start":{"line":96,"column":87},"end":{"line":109,"column":1}}},"4":{"name":"redactPHI","decl":{"start":{"line":114,"column":16},"end":{"line":114,"column":25}},"loc":{"start":{"line":114,"column":44},"end":{"line":132,"column":1}}},"5":{"name":"maskPHIFields","decl":{"start":{"line":138,"column":16},"end":{"line":138,"column":29}},"loc":{"start":{"line":142,"column":1},"end":{"line":187,"column":1}}},"6":{"name":"(anonymous_6)","decl":{"start":{"line":155,"column":19},"end":{"line":155,"column":23}},"loc":{"start":{"line":155,"column":27},"end":{"line":155,"column":55}}},"7":{"name":"createSafePayload","decl":{"start":{"line":193,"column":16},"end":{"line":193,"column":33}},"loc":{"start":{"line":197,"column":1},"end":{"line":237,"column":1}}},"8":{"name":"(anonymous_8)","decl":{"start":{"line":213,"column":20},"end":{"line":213,"column":21}},"loc":{"start":{"line":213,"column":75},"end":{"line":231,"column":5}}},"9":{"name":"validateRedaction","decl":{"start":{"line":243,"column":16},"end":{"line":243,"column":33}},"loc":{"start":{"line":243,"column":42},"end":{"line":272,"column":1}}},"10":{"name":"(anonymous_10)","decl":{"start":{"line":246,"column":21},"end":{"line":246,"column":22}},"loc":{"start":{"line":246,"column":61},"end":{"line":264,"column":3}}}},"branchMap":{"0":{"loc":{"start":{"line":64,"column":2},"end":{"line":66,"column":3}},"type":"if","locations":[{"start":{"line":64,"column":2},"end":{"line":66,"column":3}}]},"1":{"loc":{"start":{"line":64,"column":6},"end":{"line":64,"column":37}},"type":"binary-expr","locations":[{"start":{"line":64,"column":6},"end":{"line":64,"column":10}},{"start":{"line":64,"column":14},"end":{"line":64,"column":37}}]},"2":{"loc":{"start":{"line":72,"column":4},"end":{"line":74,"column":5}},"type":"if","locations":[{"start":{"line":72,"column":4},"end":{"line":74,"column":5}}]},"3":{"loc":{"start":{"line":84,"column":2},"end":{"line":84,"column":31}},"type":"if","locations":[{"start":{"line":84,"column":2},"end":{"line":84,"column":31}}]},"4":{"loc":{"start":{"line":88,"column":4},"end":{"line":89,"column":50}},"type":"binary-expr","locations":[{"start":{"line":88,"column":4},"end":{"line":88,"column":44}},{"start":{"line":89,"column":4},"end":{"line":89,"column":50}}]},"5":{"loc":{"start":{"line":96,"column":39},"end":{"line":96,"column":61}},"type":"default-arg","locations":[{"start":{"line":96,"column":58},"end":{"line":96,"column":61}}]},"6":{"loc":{"start":{"line":96,"column":63},"end":{"line":96,"column":87}},"type":"default-arg","locations":[{"start":{"line":96,"column":86},"end":{"line":96,"column":87}}]},"7":{"loc":{"start":{"line":97,"column":2},"end":{"line":99,"column":3}},"type":"if","locations":[{"start":{"line":97,"column":2},"end":{"line":99,"column":3}}]},"8":{"loc":{"start":{"line":97,"column":6},"end":{"line":97,"column":37}},"type":"binary-expr","locations":[{"start":{"line":97,"column":6},"end":{"line":97,"column":10}},{"start":{"line":97,"column":14},"end":{"line":97,"column":37}}]},"9":{"loc":{"start":{"line":101,"column":2},"end":{"line":103,"column":3}},"type":"if","locations":[{"start":{"line":101,"column":2},"end":{"line":103,"column":3}}]},"10":{"loc":{"start":{"line":115,"column":2},"end":{"line":117,"column":3}},"type":"if","locations":[{"start":{"line":115,"column":2},"end":{"line":117,"column":3}}]},"11":{"loc":{"start":{"line":143,"column":2},"end":{"line":145,"column":3}},"type":"if","locations":[{"start":{"line":143,"column":2},"end":{"line":145,"column":3}}]},"12":{"loc":{"start":{"line":143,"column":6},"end":{"line":143,"column":37}},"type":"binary-expr","locations":[{"start":{"line":143,"column":6},"end":{"line":143,"column":10}},{"start":{"line":143,"column":14},"end":{"line":143,"column":37}}]},"13":{"loc":{"start":{"line":148,"column":4},"end":{"line":148,"column":18}},"type":"default-arg","locations":[{"start":{"line":148,"column":15},"end":{"line":148,"column":18}}]},"14":{"loc":{"start":{"line":149,"column":4},"end":{"line":149,"column":20}},"type":"default-arg","locations":[{"start":{"line":149,"column":19},"end":{"line":149,"column":20}}]},"15":{"loc":{"start":{"line":150,"column":4},"end":{"line":150,"column":28}},"type":"default-arg","locations":[{"start":{"line":150,"column":24},"end":{"line":150,"column":28}}]},"16":{"loc":{"start":{"line":151,"column":6},"end":{"line":151,"column":19}},"type":"binary-expr","locations":[{"start":{"line":151,"column":6},"end":{"line":151,"column":13}},{"start":{"line":151,"column":17},"end":{"line":151,"column":19}}]},"17":{"loc":{"start":{"line":154,"column":2},"end":{"line":156,"column":3}},"type":"if","locations":[{"start":{"line":154,"column":2},"end":{"line":156,"column":3}}]},"18":{"loc":{"start":{"line":159,"column":22},"end":{"line":159,"column":57}},"type":"cond-expr","locations":[{"start":{"line":159,"column":42},"end":{"line":159,"column":52}},{"start":{"line":159,"column":55},"end":{"line":159,"column":57}}]},"19":{"loc":{"start":{"line":165,"column":4},"end":{"line":183,"column":5}},"type":"if","locations":[{"start":{"line":165,"column":4},"end":{"line":183,"column":5}},{"start":{"line":173,"column":9},"end":{"line":183,"column":5}}]},"20":{"loc":{"start":{"line":166,"column":6},"end":{"line":170,"column":7}},"type":"if","locations":[{"start":{"line":166,"column":6},"end":{"line":170,"column":7}},{"start":{"line":168,"column":13},"end":{"line":170,"column":7}}]},"21":{"loc":{"start":{"line":168,"column":13},"end":{"line":170,"column":7}},"type":"if","locations":[{"start":{"line":168,"column":13},"end":{"line":170,"column":7}}]},"22":{"loc":{"start":{"line":173,"column":9},"end":{"line":183,"column":5}},"type":"if","locations":[{"start":{"line":173,"column":9},"end":{"line":183,"column":5}},{"start":{"line":177,"column":9},"end":{"line":183,"column":5}}]},"23":{"loc":{"start":{"line":173,"column":13},"end":{"line":173,"column":54}},"type":"binary-expr","locations":[{"start":{"line":173,"column":13},"end":{"line":173,"column
[...]
nd":{"line":160,"column":19}},"type":"cond-expr","locations":[{"start":{"line":159,"column":10},"end":{"line":159,"column":63}},{"start":{"line":160,"column":10},"end":{"line":160,"column":19}}]},"7":{"loc":{"start":{"line":161,"column":11},"end":{"line":163,"column":19}},"type":"cond-expr","locations":[{"start":{"line":162,"column":10},"end":{"line":162,"column":61}},{"start":{"line":163,"column":10},"end":{"line":163,"column":19}}]},"8":{"loc":{"start":{"line":194,"column":2},"end":{"line":207,"column":3}},"type":"if","locations":[{"start":{"line":194,"column":2},"end":{"line":207,"column":3}}]},"9":{"loc":{"start":{"line":194,"column":6},"end":{"line":194,"column":35}},"type":"binary-expr","locations":[{"start":{"line":194,"column":6},"end":{"line":194,"column":21}},{"start":{"line":194,"column":25},"end":{"line":194,"column":35}}]},"10":{"loc":{"start":{"line":219,"column":11},"end":{"line":221,"column":26}},"type":"cond-expr","locations":[{"start":{"line":220,"column":8},"end":{"line":220,"column":45}},{"start":{"line":221,"column":8},"end":{"line":221,"column":26}}]},"11":{"loc":{"start":{"line":233,"column":2},"end":{"line":239,"column":3}},"type":"if","locations":[{"start":{"line":233,"column":2},"end":{"line":239,"column":3}}]},"12":{"loc":{"start":{"line":233,"column":6},"end":{"line":233,"column":39}},"type":"binary-expr","locations":[{"start":{"line":233,"column":6},"end":{"line":233,"column":23}},{"start":{"line":233,"column":27},"end":{"line":233,"column":39}}]},"13":{"loc":{"start":{"line":241,"column":2},"end":{"line":247,"column":3}},"type":"if","locations":[{"start":{"line":241,"column":2},"end":{"line":247,"column":3}}]},"14":{"loc":{"start":{"line":241,"column":6},"end":{"line":241,"column":39}},"type":"binary-expr","locations":[{"start":{"line":241,"column":6},"end":{"line":241,"column":23}},{"start":{"line":241,"column":27},"end":{"line":241,"column":39}}]},"15":{"loc":{"start":{"line":249,"column":9},"end":{"line":249,"column":49}},"type":"cond-expr","locations":[{"start":{"line":249,"column":30},"end":{"line":249,"column":37}},{"start":{"line":249,"column":40},"end":{"line":249,"column":49}}]},"16":{"loc":{"start":{"line":256,"column":2},"end":{"line":258,"column":3}},"type":"if","locations":[{"start":{"line":256,"column":2},"end":{"line":258,"column":3}}]},"17":{"loc":{"start":{"line":256,"column":6},"end":{"line":256,"column":47}},"type":"binary-expr","locations":[{"start":{"line":256,"column":6},"end":{"line":256,"column":28}},{"start":{"line":256,"column":32},"end":{"line":256,"column":47}}]},"18":{"loc":{"start":{"line":261,"column":2},"end":{"line":263,"column":3}},"type":"if","locations":[{"start":{"line":261,"column":2},"end":{"line":263,"column":3}}]},"19":{"loc":{"start":{"line":261,"column":6},"end":{"line":261,"column":61}},"type":"binary-expr","locations":[{"start":{"line":261,"column":6},"end":{"line":261,"column":19}},{"start":{"line":261,"column":23},"end":{"line":261,"column":33}},{"start":{"line":261,"column":37},"end":{"line":261,"column":48}},{"start":{"line":261,"column":52},"end":{"line":261,"column":61}}]},"20":{"loc":{"start":{"line":272,"column":13},"end":{"line":272,"column":33}},"type":"binary-expr","locations":[{"start":{"line":272,"column":13},"end":{"line":272,"column":25}},{"start":{"line":272,"column":29},"end":{"line":272,"column":33}}]},"21":{"loc":{"start":{"line":284,"column":2},"end":{"line":284,"column":32}},"type":"if","locations":[{"start":{"line":284,"column":2},"end":{"line":284,"column":32}}]},"22":{"loc":{"start":{"line":287,"column":2},"end":{"line":299,"column":3}},"type":"switch","locations":[{"start":{"line":288,"column":4},"end":{"line":288,"column":13}},{"start":{"line":289,"column":4},"end":{"line":290,"column":20}},{"start":{"line":291,"column":4},"end":{"line":291,"column":13}},{"start":{"line":292,"column":4},"end":{"line":293,"column":22}},{"start":{"line":294,"column":4},"end":{"line":294,"column":13}},{"start":{"line":295,"column":4},"end":{"line":296,"column":23}},{"start":{"line":297,"column":4},"end":{"line":298,"column":21}}]},"23":{"loc":{"start":{"line":307,"column":2},"end":{"line":309,"column":3}},"type":"if","locations":[{"start":{"line":307,"column":2},"end":{"line":309,"column":3}}]},"24":{"loc":{"start":{"line":307,"column":6},"end":{"line":307,"column":52}},"type":"binary-expr","locations":[{"start":{"line":307,"column":6},"end":{"line":307,"column":27}},{"start":{"line":307,"column":31},"end":{"line":307,"column":52}}]},"25":{"loc":{"start":{"line":312,"column":2},"end":{"line":314,"column":3}},"type":"if","locations":[{"start":{"line":312,"column":2},"end":{"line":314,"column":3}}]},"26":{"loc":{"start":{"line":326,"column":2},"end":{"line":328,"column":3}},"type":"if","locations":[{"start":{"line":326,"column":2},"end":{"line":328,"column":3}}]},"27":{"loc":{"start":{"line":326,"column":6},"end":{"line":326,"column":31}},"type":"binary-expr","locations":[{"start":{"line":326,"column":6},"end":{"line":326,"column":10}},{"start":{"line":326,"column":14},"end":{"line":326,"column":31}}]},"28":{"loc":{"start":{"line":338,"column":2},"end":{"line":349,"column":3}},"type":"if","locations":[{"start":{"line":338,"column":2},"end":{"line":349,"column":3}}]},"29":{"loc":{"start":{"line":338,"column":6},"end":{"line":338,"column":68}},"type":"binary-expr","locations":[{"start":{"line":338,"column":6},"end":{"line":338,"column":29}},{"start":{"line":338,"column":33},"end":{"line":338,"column":68}}]},"30":{"loc":{"start":{"line":553,"column":9},"end":{"line":553,"column":53}},"type":"binary-expr","locations":[{"start":{"line":553,"column":9},"end":{"line":553,"column":27}},{"start":{"line":553,"column":31},"end":{"line":553,"column":53}}]}},"s":{"0":1,"1":19,"2":19,"3":19,"4":19,"5":19,"6":19,"7":19,"8":19,"9":19,"10":1,"11":19,"12":19,"13":19,"14":1,"15":19,"16":19,"17":19,"18":19,"19":19,"20":1,"21":19,"22":1,"23":19,"24":19,"25":18,"26":1,"27":1,"28":0,"29":1,"30":1,"31":19,"32":12,"33":7,"34":7,"35":3,"36":3,"37":1,"38":0,"39":23,"40":16,"41":7,"42":7,"43":0,"44":2,"45":2,"46":2,"47":2,"48":0,"49":19,"50":16,"51":3,"52":8,"53":8,"54":8},"f":{"0":19,"1":19,"2":19,"3":19,"4":19,"5":19,"6":19,"7":19,"8":23,"9":2,"10":19,"11":8,"12":8},"b":{"0":[19,18],"1":[2,17],"2":[3,16],"3":[3,16],"4":[1],"5":[19,18],"6":[1,0],"7":[1,0],"8":[1],"9":[19,1],"10":[1,18],"11":[1],"12":[19,1],"13":[1],"14":[19,1],"15":[1,18],"16":[18],"17":[19,1],"18":[0],"19":[1,0,0,0],"20":[1,0],"21":[12],"22":[3,3,3,3,1,1,0],"23":[16],"24":[23,16],"25":[7],"26":[2],"27":[2,2],"28":[16],"29":[19,4],"30":[8,0]}}
,"/home/runner/work/cloudhealthoffice/cloudhealthoffice/src/security/hipaaLogger.ts": {"path":"/home/runner/work/cloudhealthoffice/cloudhealthoffice/src/security/hipaaLogger.ts","statementMap":{"0":{"start":{"line":47,"column":0},"end":{"line":47,"column":16}},"1":{"start":{"line":65,"column":0},"end":{"line":65,"column":16}},"2":{"start":{"line":81,"column":0},"end":{"line":81,"column":16}},"3":{"start":{"line":125,"column":0},"end":{"line":125,"column":16}},"4":{"start":{"line":143,"column":0},"end":{"line":143,"column":16}},"5":{"start":{"line":187,"column":0},"end":{"line":187,"column":16}},"6":{"start":{"line":34,"column":21},"end":{"line":40,"column":2}},"7":{"start":{"line":48,"column":2},"end":{"line":48,"column":56}},"8":{"start":{"line":48,"column":43},"end":{"line":48,"column":56}},"9":{"start":{"line":50,"column":2},"end":{"line":52,"column":3}},"10":{"start":{"line":51,"column":4},"end":{"line":51,"column":56}},"11":{"start":{"line":55,"column":26},"end":{"line":57,"column":34}},"12":{"start":{"line":56,"column":23},"end":{"line":56,"column":36}},"13":{"start":{"line":57,"column":26},"end":{"line":57,"column":33}},"14":{"start":{"line":59,"column":2},"end":{"line":59,"column":62}},"15":{"start":{"line":59,"column":41},"end":{"line":59,"column":60}},"16":{"start":{"line":66,"column":2},"end":{"line":66,"column":56}},"17":{"start":{"line":66,"column":43},"end":{"line":66,"column":56}},"18":{"start":{"line":69,"column":2},"end":{"line":69,"column":38}},"19":{"start":{"line":69,"column":25},"end":{"line":69,"column":38}},"20":{"start":{"line":71,"column":20},"end":{"line":71,"column":35}},"21":{"start":{"line":72,"column":19},"end":{"line":72,"column":49}},"22":{"start":{"line":73,"column":25},"end":{"line":73,"column":67}},"23":{"start":{"line":75,"column":2},"end":{"line":75,"column":52}},"24":{"start":{"line":82,"column":2},"end":{"line":82,"column":50}},"25":{"start":{"line":82,"column":39},"end":{"line":82,"column":50}},"26":{"start":{"line":84,"column":25},"end":{"line":92,"column":4}},"27":{"start":{"line":95,"column":2},"end":{"line":97,"column":3}},"28":{"start":{"line":96,"column":4},"end":{"line":96,"column":60}},"29":{"start":{"line":96,"column":27},"end":{"line":96,"column":53}},"30":{"start":{"line":99,"column":21},"end":{"line":99,"column":31}},"31":{"start":{"line":101,"column":2},"end":{"line":117,"column":3}},"32":{"start":{"line":102,"column":18},"end":{"line":102,"column":28}},"33":{"start":{"line":105,"column":23},"end":{"line":106,"column":null}},"34":{"start":{"line":106,"column":6},"end":{"line":106,"column":53}},"35":{"start":{"line":109,"column":4},"end":{"line":116,"column":5}},"36":{"start":{"line":110,"column":6},"end":{"line":112,"column":7}},"37":{"start":{"line":111,"column":8},"end":{"line":111,"column":40}},"38":{"start":{"line":113,"column":11},"end":{"line":116,"column":5}},"39":{"start":{"line":115,"column":6},"end":{"line":115,"column":47}},"40":{"start":{"line":119,"column":2},"end":{"line":119,"column":20}},"41":{"start":{"line":127,"column":24},"end":{"line":130,"column":4}},"42":{"start":{"line":134,"column":2},"end":{"line":134,"column":62}},"43":{"start":{"line":144,"column":2},"end":{"line":181,"column":4}},"44":{"start":{"line":146,"column":6},"end":{"line":154,"column":9}},"45":{"start":{"line":158,"column":6},"end":{"line":167,"column":9}},"46":{"start":{"line":171,"column":6},"end":{"line":179,"column":9}},"47":{"start":{"line":188,"column":31},"end":{"line":188,"column":33}},"48":{"start":{"line":190,"column":21},"end":{"line":215,"column":3}},"49":{"start":{"line":191,"column":4},"end":{"line":214,"column":5}},"50":{"start":{"line":193,"column":6},"end":{"line":195,"column":7}},"51":{"start":{"line":194,"column":8},"end":{"line":194,"column":60}},"52":{"start":{"line":196,"column":6},"end":{"line":198,"column":7}},"53":{"start":{"line":197,"column":8},"end":{"line":197,"column":65}},"54":{"start":{"line":199,"column":6},"end":{"line":201,"column":7}},"55":{"start":{"line":200,"column":8},"end":{"line":200,"column":69}},"56":{"start":{"line":202,"column":6},"end":{"line":204,"column":7}},"57":{"start":{"line":203,"column":8},"end":{"line":203,"column":62}},"58":{"start":{"line":205,"column":11},"end":{"line":214,"column":5}},"59":{"start":{"line":207,"column":6},"end":{"line":209,"column":9}},"60":{"start":{"line":208,"column":8},"end":{"line":208,"column":46}},"61":{"start":{"line":210,"column":11},"end":{"line":214,"column":5}},"62":{"start":{"line":211,"column":6},"end":{"line":213,"column":7}},"63":{"start":{"line":212,"column":8},"end":{"line":212,"column":49}},"64":{"start":{"line":217,"column":2},"end":{"line":217,"column":26}},"65":{"start":{"line":219,"column":2},"end":{"line":222,"column":4}}},"fnMap":{"0":{"name":"isPHI","decl":{"start":{"line":47,"column":16},"end":{"line":47,"column":21}},"loc":{"start":{"line":47,"column":73},"end":{"line":60,"column":1}}},"1":{"name":"(anonymous_1)","decl":{"start":{"line":56,"column":12},"end":{"line":56,"column":13}},"loc":{"start":{"line":56,"column":23},"end":{"line":56,"column":36}}},"2":{"name":"(anonymous_2)","decl":{"start":{"line":57,"column":9},"end":{"line":57,"column":10}},"loc":{"start":{"line":57,"column":26},"end":{"line":57,"column":33}}},"3":{"name":"(anonymous_3)","decl":{"start":{"line":59,"column":30},"end":{"line":59,"column":37}},"loc":{"start":{"line":59,"column":41},"end":{"line":59,"column":60}}},"4":{"name":"redactValue","decl":{"start":{"line":65,"column":16},"end":{"line":65,"column":27}},"loc":{"start":{"line":65,"column":41},"end":{"line":76,"column":1}}},"5":{"name":"redactPHI","decl":{"start":{"line":81,"column":16},"end":{"line":81,"column":25}},"loc":{"start":{"line":81,"column":57},"end":{"line":120,"column":1}}},"6":{"name":"(anonymous_6)","decl":{"start":{"line":96,"column":19},"end":{"line":96,"column":23}},"loc":{"start":{"line":96,"column":27},"end":{"line":96,"column":53}}},"7":{"name":"(anonymous_7)","decl":{"start":{"line":105,"column":43},"end":{"line":105,"column":48}},"loc":{"start":{"line":106,"column":6},"end":{"line":106,"column":53}}},"8":{"name":"logPHIAccess","decl":{"start":{"line":125,"column":16},"end":{"line":125,"column":28}},"loc":{"start":{"line":125,"column":49},"end":{"line":138,"column":1}}},"9":{"name":"createHIPAALogger","decl":{"start":{"line":143,"column":16},"end":{"line":143,"column":33}},"loc":{"start":{"line":143,"column":68},"end":{"line":182,"column":1}}},"10":{"name":"(anonymous_10)","decl":{"start":{"line":145,"column":19},"end":{"line":145,"column":20}},"loc":{"start":{"line":145,"column":80},"end":{"line":155,"column":5}}},"11":{"name":"(anonymous_11)","decl":{"start":{"line":157,"column":21},"end":{"line":157,"column":22}},"loc":{"start":{"line":157,"column":82},"end":{"line":168,"column":5}}},"12":{"name":"(anonymous_12)","decl":{"start":{"line":170,"column":19},"end":{"line":170,"column":20}},"loc":{"start":{"line":170,"column":86},"end":{"line":180,"column":5}}},"13":{"name":"validateRedaction","decl":{"start":{"line":187,"column":16},"end":{"line":187,"column":33}},"loc":{"start":{"line":187,"column":43},"end":{"line":223,"column":1}}},"14":{"name":"(anonymous_14)","decl":{"start":{"line":190,"column":21},"end":{"line":190,"column":22}},"loc":{"start":{"line":190,"column":56},"end":{"line":215,"column":3}}},"15":{"name":"(anonymous_15)","decl":{"start":{"line":207,"column":20},"end":{"line":207,"column":21}},"loc":{"start":{"line":207,"column":36},"end":{"line":209,"column":7}}}},"branchMap":{"0":{"loc":{"start":{"line":48,"column":2},"end":{"line":48,"column":56}},"type":"if","locations":[{"start":{"line":48,"column":2},"end":{"line":48,"column":56}}]},"1":{"loc":{"start":{"line":48,"column":6},"end":{"line":48,"column":41}},"type":"binary-expr","locations":[{"start":{"line":48,"column":6},"end":{"line":48,"column":12}},{"start":{"line":48,"column":16},"end":{"line":48,"column":41}}]},"2":{"loc":{"start":{"line":50,"column":2},"end":{"line":52,"column":3}},"type":"if","locations":[{"start":{"line":50,"column":2},"end":{"line":52,"column":3}}]},"3":{"loc":{"start":{"line":51,"column":11},"end":{"line":51,"column":55}},"type":"binary-expr","locations":[{"start":{"line":51,"column":11},"end":{"line":51,"column":46}},{"start":{"line":51,"column":50},"end":{"line":51,"column":55}}]},"4":{"loc":{"start":{"line":66,"column":2},"end":{"line":66,"column":56}},"type":"if","locations":[{"start":{"line":66,"column":2},"end":{"line":66,"column":56}}]},"5":{"loc":{"start":{"line":66,"column":6},"end":{"line":66,"column":41}},"type":"binary-expr","locations":[{"start":{"line":66,"column":6},"end":{"line":66,"column":12}},{"start":{"line":66,"column":16},"end":{"line":66,"column":41}}]},"6":{"loc":{"start":{"line":69,"column":2},"end":{"line":69,"column":38}},"type":"if","locations":[{"start":{"line":69,"column":2},"end":{"line":69,"column":38}}]},"7":{"loc":{"start":{"line":82,"column":2},"end":{"line":82,"column":50}},"type":"if","locations":[{"start":{"line":82,"column":2},"end":{"line":82,"column":50}}]},"8":{"loc":{"start":{"line":82,"column":6},"end":{"line":82,"column":37}},"type":"binary-expr","locations":[{"start":{"line":82,"column":6},"end":{"line":82,"column":10}},{"start":{"line":82,"column":14},"end":{"line":82,"column":37}}]},"9":{"loc":{"start":{"line":84,"column":25},"end":{"line":92,"column":4}},"type":"binary-expr","locations":[{"start":{"line":84,"column":25},"end":{"line":84,"column":34}},{"start":{"line":84,"column":38},"end":{"line":92,"column":4}}]},"10":{"loc":{"start":{"line":95,"column":2},"end":{"line":97,"column":3}},"type":"if","locations":[{"start":{"line":95,"column":2},"end":{"line":97,"column":3}}]},"11":{"loc":{"start":{"line":109,"column":4},"end":{"line":116,"column":5}},"type":"if","locations":[{"start":{"line":109,"column":4},"end":{"line":116,"column":5}},{"start":{"line":113,"column":11},"end":{"line":116,"column":5}}]},"12":{"loc":{"start":{"line":110,"column":6},"end":{"line":112,"column":7}},"type":"if","locations":[{"start":{"line":110,"column":6},"end":{"line":112,"column":7}}]},"13":{"loc":{"start":{"line":110,"column":10},"end":{"line":110,"column":36}},"type":"binary-expr","locations":[{"start":{"line":110,"column":10},"end":{"line":110,"column":20}},{"start":{"line":110,"column":24},"end":{"line":110,"column":36}}]},"14":{"loc":{"start":{"line":113,"column":11},"end":{"line":116,"column":5}},"type":"if","locations":[{"start":{"line":113,"column":11},"end":{"line":116,"column":5}}]},"15":{"loc":{"start":{"line":113,"column":15},"end":{"line":113,"column":58}},"type":"binary-expr","locations":[{"start":{"line":113,"column":15},"end":{"line":113,"column":40}},{"start":{"line":113,"column":44},"end":{"line":113,"column":58}}]},"16":{"loc":{"start":{"line":129,"column":14},"end":{"line":129,"column":68}},"type":"cond-expr","locations":[{"start":{"line":129,"column":31},"end":{"line":129,"column":56}},{"start":{"line":129,"column":59},"end":{"line":129,"column":68}}]},"17":{"loc":{"start":{"line":191,"column":4},"end":{"line":214,"column":5}},"type":"if","locations":[{"start":{"line":191,"column":4},"end":{"line":214,"column":5}},{"start":{"line":205,"column":11},"end":{"line":214,"column":5}}]},"18":{"loc":{"start":{"line":193,"column":6},"end":{"line":195,"column":7}},"type":"if","locations":[{"start":{"line":193,"column":6},"end":{"line":195,"column":7}}]},"19":{"loc":{"start":{"line":196,"column":6},"end":{"line":198,"column":7}},"type":"if","locations":[{"start":{"line":196,"column":6},"end":{"line":198,"column":7}}]},"20":{"loc":{"start":{"line":199,"column":6},"end":{"line":201,"column":7}},"type":"if","locations":[{"start":{"line":199,"column":6},"end":{"line":201,"column":7}}]},"21":{"loc":{"start":{"line":202,"column":6},"end":{"line":204,"column":7}},"type":"if","locations":[{"start":{"line":202,"column":6},"end":{"line":204,"column":7}}]},"22":{"loc":{"start":{"line":205,"column":11},"end":{"line":214,"column":5}},"type":"if","locations":[{"start":{"line":205,"column":11},"end":{"line":214,"column":5}},{"start":{"line":210,"column":11},"end":{"line":214,"column":5}}]},"23":{"loc":{"start":{"line":210,"column":11},"end":{"line":214,"column":5}},"type":"if","locations":[{"start":{"line":210,"column":11},"end":{"line":214,"column":5}}]},"24":{"loc":{"start":{"line":210,"column":15},"end":{"line":210,"column":58}},"type":"binary-expr","locations":[{"start":{"line":210,"column":15},"end":{"line":210,"column":40}},{"start":{"line":210,"column":44},"end":{"line":210,"column":58}}]}},"s":{"0":1,"1":1,"2":1,"3":1,"4":1,"5":1,"6":1,"7":40,"8":1,"9":39,"10":1,"11":38,"12":190,"13":152,"14":38,"15":140,"16":19,"17":1,"18":18,"19":2,"20":16,"21":16,"22":16,"23":16,"24":19,"25":0,"26":19,"27":19,"28":1,"29":2,"30":18,"31":18,"32":55,"33":55,"34":869,"35":55,"36":39,"37":15,"38":16,"39":6,"40":18,"41":4,"42":4,"43":4,"44":1,"45":2,"46":1,"47":4,"48":4,"49":13,"50":7,"51":2,"52":7,"53":0,"54":7,"55":0,"56":7,"57":1,"58":6,"59":0,"60":0,"61":6,"62":6,"63":9,"64":4,"65":4},"f":{"0":40,"1":190,"2":152,"3":140,"4":19,"5":19,"6":2,"7":869,"8":4,"9":4,"10":1,"11":2,"12":1,"13":4,"14":13,"15":0},"b":{"0":[1],"1":[40,39],"2":[1],"3":[1,0],"4":[1],"5":[19,18],"6":[2],"7":[0],"8":[19,19],"9":[19,18],"10":[1],"11":[39,16],"12":[15],"13":[39,28],"14":[6],"15":[16,6],"16":[3,1],"17":[7,6],"18":[2],"19":[0],"20":[0],"21":[1],"22":[0,6],"23":[6],"24":[6,6]}}
}
