TN:
SF:core/validation/config-validator.ts
FN:13,(anonymous_1)
FN:18,(anonymous_2)
FN:52,(anonymous_3)
FN:59,(anonymous_4)
FN:79,(anonymous_5)
FN:161,(anonymous_6)
FN:170,(anonymous_7)
FN:186,(anonymous_8)
FN:207,(anonymous_9)
FN:253,(anonymous_10)
FN:272,(anonymous_11)
FN:289,(anonymous_12)
FN:300,(anonymous_13)
FN:318,(anonymous_14)
FNF:14
FNH:11
FNDA:23,(anonymous_1)
FNDA:23,(anonymous_2)
FNDA:20,(anonymous_3)
FNDA:16,(anonymous_4)
FNDA:20,(anonymous_5)
FNDA:15,(anonymous_6)
FNDA:17,(anonymous_7)
FNDA:0,(anonymous_8)
FNDA:2,(anonymous_9)
FNDA:0,(anonymous_10)
FNDA:1,(anonymous_11)
FNDA:1,(anonymous_12)
FNDA:0,(anonymous_13)
FNDA:4,(anonymous_14)
DA:6,2
DA:9,2
DA:14,23
DA:15,23
DA:19,23
DA:49,23
DA:53,20
DA:54,20
DA:57,20
DA:58,3
DA:59,3
DA:60,16
DA:70,20
DA:72,20
DA:81,20
DA:82,2
DA:88,20
DA:89,0
DA:95,20
DA:96,0
DA:103,20
DA:104,13
DA:105,0
DA:112,20
DA:113,12
DA:114,0
DA:122,20
DA:123,0
DA:130,20
DA:131,20
DA:132,0
DA:140,20
DA:141,1
DA:148,20
DA:151,1
DA:160,2
DA:162,15
DA:165,15
DA:166,15
DA:169,15
DA:170,17
DA:171,14
DA:172,1
DA:179,15
DA:187,0
DA:188,0
DA:191,0
DA:192,0
DA:193,0
DA:200,0
DA:208,2
DA:209,2
DA:212,2
DA:213,2
DA:214,1
DA:220,2
DA:221,0
DA:229,2
DA:230,0
DA:231,0
DA:237,0
DA:238,0
DA:246,2
DA:254,0
DA:255,0
DA:259,0
DA:265,0
DA:273,1
DA:275,1
DA:276,1
DA:277,1
DA:278,1
DA:279,1
DA:281,1
DA:282,1
DA:283,1
DA:284,1
DA:285,1
DA:287,1
DA:288,1
DA:289,1
DA:290,1
DA:291,1
DA:292,0
DA:295,1
DA:298,1
DA:299,0
DA:300,0
DA:301,0
DA:302,0
DA:303,0
DA:306,0
DA:309,1
DA:310,0
DA:312,1
DA:315,1
DA:319,4
DA:320,4
DA:321,3
DA:323,1
LF:100
LH:71
BRDA:57,0,0,3
BRDA:57,1,0,20
BRDA:57,1,1,20
BRDA:58,2,0,3
BRDA:61,3,0,16
BRDA:61,3,1,13
BRDA:62,4,0,16
BRDA:62,4,1,0
BRDA:81,5,0,2
BRDA:81,6,0,20
BRDA:81,6,1,15
BRDA:88,7,0,0
BRDA:88,8,0,20
BRDA:88,8,1,12
BRDA:95,9,0,0
BRDA:95,10,0,20
BRDA:95,10,1,12
BRDA:103,11,0,13
BRDA:104,12,0,0
BRDA:104,13,0,13
BRDA:104,13,1,13
BRDA:112,14,0,12
BRDA:113,15,0,0
BRDA:113,16,0,12
BRDA:113,16,1,12
BRDA:122,17,0,0
BRDA:122,18,0,20
BRDA:122,18,1,17
BRDA:131,19,0,0
BRDA:131,20,0,20
BRDA:131,20,1,17
BRDA:140,21,0,1
BRDA:140,22,0,20
BRDA:140,22,1,17
BRDA:148,23,0,1
BRDA:148,24,0,20
BRDA:148,24,1,17
BRDA:148,24,2,17
BRDA:169,25,0,14
BRDA:171,26,0,1
BRDA:191,27,0,0
BRDA:191,28,0,0
BRDA:191,28,1,0
BRDA:192,29,0,0
BRDA:212,30,0,2
BRDA:213,31,0,1
BRDA:220,32,0,0
BRDA:229,33,0,0
BRDA:230,34,0,0
BRDA:237,35,0,0
BRDA:282,36,0,1
BRDA:282,36,1,0
BRDA:283,37,0,0
BRDA:283,37,1,1
BRDA:284,38,0,0
BRDA:284,38,1,1
BRDA:285,39,0,0
BRDA:285,39,1,1
BRDA:287,40,0,1
BRDA:291,41,0,0
BRDA:298,42,0,0
BRDA:302,43,0,0
BRDA:309,44,0,0
BRDA:309,44,1,1
BRF:64
BRH:41
end_of_record
TN:
SF:scripts/generate-payer-deployment.ts
FN:18,(anonymous_9)
FN:30,(anonymous_10)
FN:42,(anonymous_11)
FN:50,(anonymous_12)
FN:64,(anonymous_13)
FN:100,(anonymous_14)
FN:139,(anonymous_15)
FN:170,(anonymous_16)
FN:203,(anonymous_17)
FN:231,(anonymous_18)
FN:278,(anonymous_19)
FN:300,(anonymous_20)
FN:376,(anonymous_21)
FN:394,(anonymous_22)
FN:408,(anonymous_23)
FN:412,(anonymous_24)
FN:433,(anonymous_25)
FN:451,(anonymous_26)
FN:451,(anonymous_27)
FN:465,(anonymous_28)
FN:475,(anonymous_29)
FN:559,(anonymous_30)
FN:586,(anonymous_31)
FN:618,(anonymous_32)
FN:633,(anonymous_33)
FN:646,(anonymous_34)
FN:671,(anonymous_35)
FN:689,(anonymous_36)
FN:703,(anonymous_37)
FN:727,main
FNF:30
FNH:28
FNDA:14,(anonymous_9)
FNDA:14,(anonymous_10)
FNDA:7,(anonymous_11)
FNDA:0,(anonymous_12)
FNDA:3,(anonymous_13)
FNDA:24,(anonymous_14)
FNDA:4,(anonymous_15)
FNDA:12,(anonymous_16)
FNDA:4,(anonymous_17)
FNDA:4,(anonymous_18)
FNDA:3,(anonymous_19)
FNDA:3,(anonymous_20)
FNDA:3,(anonymous_21)
FNDA:12,(anonymous_22)
FNDA:12,(anonymous_23)
FNDA:18,(anonymous_24)
FNDA:12,(anonymous_25)
FNDA:9,(anonymous_26)
FNDA:9,(anonymous_27)
FNDA:12,(anonymous_28)
FNDA:3,(anonymous_29)
FNDA:3,(anonymous_30)
FNDA:12,(anonymous_31)
FNDA:3,(anonymous_32)
FNDA:3,(anonymous_33)
FNDA:12,(anonymous_34)
FNDA:18,(anonymous_35)
FNDA:2,(anonymous_36)
FNDA:12,(anonymous_37)
FNDA:0,main
DA:6,1
DA:7,1
DA:8,1
DA:10,1
DA:11,1
DA:13,1
DA:19,14
DA:20,14
DA:21,14
DA:24,14
DA:31,14
DA:32,1
DA:35,13
DA:36,13
DA:39,13
DA:40,13
DA:41,1
DA:42,7
DA:44,1
DA:48,12
DA:49,0
DA:50,0
DA:51,0
DA:52,0
DA:53,0
DA:58,12
DA:65,3
DA:66,3
DA:68,3
DA:71,3
DA:72,3
DA:75,3
DA:76,3
DA:79,3
DA:80,3
DA:90,3
DA:91,24
DA:94,3
DA:105,24
DA:111,24
DA:112,21
DA:113,21
DA:116,3
DA:117,3
DA:118,3
DA:121,3
DA:122,3
DA:124,0
DA:127,3
DA:128,3
DA:130,3
DA:131,3
DA:133,3
DA:140,4
DA:141,4
DA:144,4
DA:147,4
DA:150,4
DA:151,4
DA:153,4
DA:154,4
DA:157,4
DA:158,4
DA:162,4
DA:164,4
DA:175,12
DA:181,12
DA:182,12
DA:184,12
DA:185,12
DA:186,12
DA:187,12
DA:190,0
DA:191,0
DA:192,0
DA:194,0
DA:195,0
DA:197,0
DA:204,4
DA:223,4
DA:224,4
DA:225,4
DA:232,4
DA:269,4
DA:270,4
DA:271,4
DA:272,4
DA:279,3
DA:280,3
DA:283,3
DA:286,3
DA:289,3
DA:292,3
DA:294,3
DA:301,3
DA:369,3
DA:370,3
DA:377,3
DA:394,12
DA:408,12
DA:412,18
DA:433,12
DA:451,9
DA:465,12
DA:468,3
DA:469,3
DA:476,3
DA:552,3
DA:553,3
DA:560,3
DA:586,12
DA:611,3
DA:612,3
DA:619,3
DA:620,3
DA:623,3
DA:624,3
DA:627,3
DA:635,3
DA:646,12
DA:656,3
DA:661,3
DA:664,3
DA:671,18
DA:678,3
DA:683,3
DA:691,2
DA:692,2
DA:694,2
DA:695,2
DA:697,2
DA:704,12
DA:727,1
DA:728,0
DA:730,0
DA:731,0
DA:732,0
DA:735,0
DA:736,0
DA:738,0
DA:739,0
DA:741,0
DA:742,0
DA:744,0
DA:746,0
DA:747,0
DA:749,0
DA:750,0
DA:751,0
DA:752,0
DA:753,0
DA:755,0
DA:756,0
DA:758,0
DA:759,0
DA:764,1
DA:765,0
LF:157
LH:122
BRDA:20,0,0,14
BRDA:20,0,1,14
BRDA:21,1,0,14
BRDA:21,1,1,14
BRDA:31,2,0,1
BRDA:40,3,0,1
BRDA:48,4,0,0
BRDA:52,5,0,0
BRDA:71,6,0,3
BRDA:71,7,0,3
BRDA:71,7,1,3
BRDA:75,8,0,3
BRDA:75,9,0,3
BRDA:75,9,1,3
BRDA:79,10,0,3
BRDA:79,11,0,3
BRDA:79,11,1,3
BRDA:111,12,0,21
BRDA:153,13,0,4
BRDA:153,14,0,4
BRDA:153,14,1,4
BRDA:157,15,0,4
BRDA:157,16,0,4
BRDA:157,16,1,4
BRDA:181,17,0,12
BRDA:331,18,0,3
BRDA:331,18,1,0
BRDA:332,19,0,3
BRDA:332,19,1,0
BRDA:333,20,0,3
BRDA:333,20,1,0
BRDA:353,21,0,3
BRDA:353,21,1,0
BRDA:354,22,0,3
BRDA:354,22,1,0
BRDA:355,23,0,3
BRDA:355,23,1,0
BRDA:356,24,0,3
BRDA:356,24,1,0
BRDA:366,25,0,3
BRDA:366,25,1,0
BRDA:388,26,0,3
BRDA:388,26,1,0
BRDA:394,27,0,12
BRDA:394,27,1,0
BRDA:396,28,0,3
BRDA:396,28,1,0
BRDA:408,29,0,6
BRDA:408,29,1,6
BRDA:412,30,0,9
BRDA:412,30,1,9
BRDA:422,31,0,3
BRDA:422,31,1,0
BRDA:433,32,0,12
BRDA:433,32,1,0
BRDA:436,33,0,3
BRDA:436,33,1,0
BRDA:490,34,0,3
BRDA:490,34,1,0
BRDA:510,35,0,3
BRDA:510,35,1,0
BRDA:549,36,0,3
BRDA:549,36,1,0
BRDA:586,37,0,12
BRDA:586,37,1,0
BRDA:598,38,0,3
BRDA:598,38,1,0
BRDA:623,39,0,3
BRDA:623,40,0,3
BRDA:623,40,1,3
BRDA:730,41,0,0
BRDA:744,42,0,0
BRDA:744,42,1,0
BRDA:758,43,0,0
BRDA:758,43,1,0
BRDA:764,44,0,0
BRF:76
BRH:49
end_of_record
TN:
SF:src/ai/edi277Resolution.ts
FN:66,(anonymous_0)
FN:96,categorizeError
FN:151,getSystemPrompt
FN:198,resolveEdi277Claim
FN:305,(anonymous_4)
FN:306,(anonymous_5)
FN:311,(anonymous_6)
FN:341,getMockSuggestions
FN:421,getMetrics
FN:428,resetMetrics
FN:441,resetRateLimiter
FNF:11
FNH:7
FNDA:1,(anonymous_0)
FNDA:21,categorizeError
FNDA:0,getSystemPrompt
FNDA:23,resolveEdi277Claim
FNDA:0,(anonymous_4)
FNDA:0,(anonymous_5)
FNDA:0,(anonymous_6)
FNDA:20,getMockSuggestions
FNDA:4,getMetrics
FNDA:24,resetMetrics
FNDA:23,resetRateLimiter
DA:1,1
DA:2,1
DA:66,1
DA:67,1
DA:68,1
DA:69,1
DA:70,1
DA:71,1
DA:72,1
DA:73,1
DA:74,1
DA:75,1
DA:76,1
DA:80,1
DA:91,1
DA:97,21
DA:98,21
DA:101,21
DA:102,2
DA:106,19
DA:107,1
DA:111,18
DA:112,1
DA:116,17
DA:117,1
DA:121,16
DA:122,1
DA:126,15
DA:127,1
DA:131,14
DA:132,1
DA:136,13
DA:137,1
DA:141,12
DA:142,1
DA:145,11
DA:152,0
DA:154,0
DA:186,0
DA:198,1
DA:203,23
DA:204,23
DA:206,23
DA:208,23
DA:209,23
DA:210,23
DA:211,23
DA:212,23
DA:213,23
DA:216,23
DA:217,23
DA:218,2
DA:219,2
DA:221,21
DA:224,21
DA:227,21
DA:228,20
DA:229,20
DA:231,20
DA:232,20
DA:235,20
DA:238,20
DA:250,1
DA:251,1
DA:255,0
DA:258,0
DA:261,0
DA:270,0
DA:277,0
DA:290,0
DA:291,0
DA:294,0
DA:295,0
DA:297,0
DA:298,0
DA:299,0
DA:303,0
DA:305,0
DA:306,0
DA:311,0
DA:313,0
DA:316,0
DA:317,0
DA:319,0
DA:322,0
DA:333,3
DA:334,3
DA:342,20
DA:415,20
DA:421,1
DA:422,4
DA:428,1
DA:429,24
DA:430,24
DA:431,24
DA:432,24
DA:433,24
DA:434,24
DA:435,24
DA:441,1
DA:442,23
LF:101
LH:77
BRDA:66,0,0,1
BRDA:66,0,1,1
BRDA:101,1,0,2
BRDA:101,2,0,21
BRDA:101,2,1,3
BRDA:101,2,2,1
BRDA:106,3,0,1
BRDA:106,4,0,19
BRDA:106,4,1,2
BRDA:111,5,0,1
BRDA:111,6,0,18
BRDA:111,6,1,17
BRDA:111,6,2,17
BRDA:116,7,0,1
BRDA:116,8,0,17
BRDA:116,8,1,1
BRDA:116,8,2,1
BRDA:121,9,0,1
BRDA:121,10,0,16
BRDA:121,10,1,15
BRDA:126,11,0,1
BRDA:126,12,0,15
BRDA:126,12,1,14
BRDA:131,13,0,1
BRDA:131,14,0,14
BRDA:131,14,1,13
BRDA:136,15,0,1
BRDA:136,16,0,13
BRDA:136,16,1,2
BRDA:136,16,2,1
BRDA:141,17,0,1
BRDA:141,18,0,12
BRDA:141,18,1,11
BRDA:141,18,2,11
BRDA:200,19,0,0
BRDA:208,20,0,23
BRDA:208,20,1,23
BRDA:208,20,2,23
BRDA:209,21,0,23
BRDA:209,21,1,23
BRDA:209,21,2,23
BRDA:210,22,0,23
BRDA:210,22,1,23
BRDA:210,22,2,23
BRDA:211,23,0,23
BRDA:211,23,1,23
BRDA:212,24,0,23
BRDA:212,24,1,23
BRDA:213,25,0,23
BRDA:213,25,1,21
BRDA:217,26,0,2
BRDA:227,27,0,20
BRDA:250,28,0,1
BRDA:250,29,0,1
BRDA:250,29,1,0
BRDA:264,30,0,0
BRDA:264,30,1,0
BRDA:290,31,0,0
BRDA:290,31,1,0
BRDA:291,32,0,0
BRDA:291,32,1,0
BRDA:298,33,0,0
BRDA:306,34,0,0
BRDA:306,34,1,0
BRDA:415,35,0,20
BRDA:415,35,1,0
BRF:66
BRH:54
end_of_record
TN:
SF:src/ai/redaction.ts
FN:63,isPHI
FN:83,isPHIFieldName
FN:87,(anonymous_2)
FN:96,maskValue
FN:114,redactPHI
FN:138,maskPHIFields
FN:155,(anonymous_6)
FN:193,createSafePayload
FN:213,(anonymous_8)
FN:243,validateRedaction
FN:246,(anonymous_10)
FNF:11
FNH:11
FNDA:70,isPHI
FNDA:118,isPHIFieldName
FNDA:4871,(anonymous_2)
FNDA:34,maskValue
FNDA:7,redactPHI
FNDA:21,maskPHIFields
FNDA:2,(anonymous_6)
FNDA:3,createSafePayload
FNDA:4,(anonymous_8)
FNDA:8,validateRedaction
FNDA:36,(anonymous_10)
DA:9,2
DA:30,2
DA:63,2
DA:64,70
DA:65,0
DA:70,70
DA:71,479
DA:72,479
DA:73,21
DA:77,49
DA:83,2
DA:84,118
DA:86,118
DA:87,118
DA:88,4871
DA:96,2
DA:97,34
DA:98,3
DA:101,31
DA:102,28
DA:106,3
DA:107,3
DA:108,3
DA:114,2
DA:115,7
DA:116,0
DA:119,7
DA:122,7
DA:123,7
DA:124,7
DA:125,7
DA:126,7
DA:127,7
DA:128,7
DA:129,7
DA:131,7
DA:138,2
DA:143,21
DA:144,0
DA:151,21
DA:154,21
DA:155,2
DA:159,20
DA:161,20
DA:162,74
DA:165,74
DA:166,27
DA:167,26
DA:168,1
DA:169,1
DA:173,47
DA:174,2
DA:177,45
DA:178,5
DA:182,40
DA:186,20
DA:193,2
DA:202,3
DA:204,3
DA:205,0
DA:209,3
DA:212,3
DA:213,2
DA:214,4
DA:215,0
DA:218,4
DA:220,4
DA:221,9
DA:223,9
DA:224,3
DA:225,6
DA:226,2
DA:230,4
DA:233,2
DA:236,3
DA:243,2
DA:244,8
DA:246,8
DA:247,36
DA:248,25
DA:249,200
DA:250,4
DA:253,11
DA:254,11
DA:255,28
DA:257,28
DA:258,4
DA:261,28
DA:266,8
DA:268,8
LF:90
LH:85
BRDA:64,0,0,0
BRDA:64,1,0,70
BRDA:64,1,1,70
BRDA:72,2,0,21
BRDA:84,3,0,0
BRDA:88,4,0,4871
BRDA:88,4,1,4829
BRDA:96,5,0,5
BRDA:96,6,0,5
BRDA:97,7,0,3
BRDA:97,8,0,34
BRDA:97,8,1,31
BRDA:101,9,0,28
BRDA:115,10,0,0
BRDA:143,11,0,0
BRDA:143,12,0,21
BRDA:143,12,1,21
BRDA:148,13,0,15
BRDA:149,14,0,15
BRDA:150,15,0,15
BRDA:151,16,0,21
BRDA:151,16,1,15
BRDA:154,17,0,1
BRDA:159,18,0,20
BRDA:159,18,1,0
BRDA:165,19,0,27
BRDA:165,19,1,47
BRDA:166,20,0,26
BRDA:166,20,1,1
BRDA:168,21,0,1
BRDA:173,22,0,2
BRDA:173,22,1,45
BRDA:173,23,0,47
BRDA:173,23,1,41
BRDA:177,24,0,5
BRDA:177,24,1,40
BRDA:177,25,0,45
BRDA:177,25,1,5
BRDA:199,26,0,1
BRDA:200,27,0,3
BRDA:201,28,0,3
BRDA:202,29,0,3
BRDA:202,29,1,1
BRDA:204,30,0,0
BRDA:204,31,0,3
BRDA:204,31,1,3
BRDA:212,32,0,2
BRDA:213,33,0,2
BRDA:214,34,0,0
BRDA:214,35,0,4
BRDA:214,35,1,4
BRDA:218,36,0,0
BRDA:218,36,1,4
BRDA:221,37,0,4
BRDA:221,37,1,5
BRDA:223,38,0,3
BRDA:223,38,1,6
BRDA:223,39,0,9
BRDA:223,39,1,6
BRDA:225,40,0,2
BRDA:225,41,0,6
BRDA:225,41,1,2
BRDA:246,42,0,8
BRDA:247,43,0,25
BRDA:247,43,1,11
BRDA:249,44,0,4
BRDA:253,45,0,11
BRDA:253,46,0,11
BRDA:253,46,1,11
BRDA:255,47,0,4
BRDA:255,47,1,24
BRDA:257,48,0,4
BRDA:257,49,0,28
BRDA:257,49,1,11
BRDA:257,49,2,4
BRF:75
BRH:67
end_of_record
TN:
SF:src/fhir/fhirEligibilityMapper.ts
FN:19,mapX12270ToFhirEligibility
FN:40,mapToPatient
FN:82,mapToEligibilityRequest
FN:173,buildIdentifiers
FN:215,buildName
FN:230,buildTelecom
FN:255,buildAddress
FN:283,mapGender
FN:305,normalizeDateFormat
FN:322,parseX12DateTime
FN:337,buildServiceItems
FN:352,(anonymous_11)
FN:367,getServiceTypeDisplay
FNF:13
FNH:13
FNDA:19,mapX12270ToFhirEligibility
FNDA:19,mapToPatient
FNDA:19,mapToEligibilityRequest
FNDA:19,buildIdentifiers
FNDA:19,buildName
FNDA:19,buildTelecom
FNDA:19,buildAddress
FNDA:19,mapGender
FNDA:23,normalizeDateFormat
FNDA:2,parseX12DateTime
FNDA:19,buildServiceItems
FNDA:8,(anonymous_11)
FNDA:8,getServiceTypeDisplay
DA:19,1
DA:24,19
DA:25,19
DA:28,19
DA:31,19
DA:33,19
DA:46,19
DA:75,19
DA:83,19
DA:156,19
DA:157,1
DA:167,19
DA:178,19
DA:194,19
DA:195,1
DA:209,19
DA:216,19
DA:224,19
DA:231,19
DA:233,19
DA:234,1
DA:241,19
DA:242,1
DA:249,19
DA:256,19
DA:257,18
DA:260,1
DA:261,1
DA:262,0
DA:265,1
DA:275,1
DA:284,19
DA:286,7
DA:287,7
DA:290,3
DA:293,3
DA:296,1
DA:298,0
DA:307,23
DA:308,16
DA:312,7
DA:313,7
DA:316,0
DA:323,2
DA:324,2
DA:326,2
DA:327,2
DA:330,0
DA:338,19
DA:340,16
DA:352,8
DA:368,8
DA:553,8
LF:53
LH:49
BRDA:24,0,0,19
BRDA:24,0,1,18
BRDA:115,1,0,2
BRDA:115,1,1,17
BRDA:120,2,0,3
BRDA:120,2,1,16
BRDA:128,3,0,3
BRDA:128,3,1,16
BRDA:156,4,0,1
BRDA:156,5,0,19
BRDA:156,5,1,18
BRDA:158,6,0,1
BRDA:158,6,1,0
BRDA:161,7,0,1
BRDA:161,7,1,0
BRDA:194,8,0,1
BRDA:194,9,0,19
BRDA:194,9,1,1
BRDA:219,10,0,1
BRDA:219,10,1,18
BRDA:233,11,0,1
BRDA:233,12,0,19
BRDA:233,12,1,1
BRDA:241,13,0,1
BRDA:241,14,0,19
BRDA:241,14,1,1
BRDA:249,15,0,1
BRDA:249,15,1,18
BRDA:256,16,0,18
BRDA:256,17,0,19
BRDA:256,17,1,1
BRDA:261,18,0,0
BRDA:261,19,0,1
BRDA:261,19,1,0
BRDA:261,19,2,0
BRDA:261,19,3,0
BRDA:272,20,0,1
BRDA:272,20,1,0
BRDA:284,21,0,12
BRDA:287,22,0,3
BRDA:287,22,1,3
BRDA:287,22,2,3
BRDA:287,22,3,3
BRDA:287,22,4,1
BRDA:287,22,5,1
BRDA:287,22,6,0
BRDA:307,23,0,16
BRDA:307,24,0,23
BRDA:307,24,1,16
BRDA:312,25,0,7
BRDA:326,26,0,2
BRDA:326,27,0,2
BRDA:326,27,1,2
BRDA:338,28,0,16
BRDA:338,29,0,19
BRDA:338,29,1,4
BRDA:553,30,0,8
BRDA:553,30,1,0
BRF:58
BRH:49
end_of_record
TN:
SF:src/security/hipaaLogger.ts
FN:47,isPHI
FN:56,(anonymous_1)
FN:57,(anonymous_2)
FN:59,(anonymous_3)
FN:65,redactValue
FN:81,redactPHI
FN:96,(anonymous_6)
FN:105,(anonymous_7)
FN:125,logPHIAccess
FN:143,createHIPAALogger
FN:145,(anonymous_10)
FN:157,(anonymous_11)
FN:170,(anonymous_12)
FN:187,validateRedaction
FN:190,(anonymous_14)
FN:207,(anonymous_15)
FNF:16
FNH:15
FNDA:40,isPHI
FNDA:190,(anonymous_1)
FNDA:152,(anonymous_2)
FNDA:140,(anonymous_3)
FNDA:19,redactValue
FNDA:19,redactPHI
FNDA:2,(anonymous_6)
FNDA:869,(anonymous_7)
FNDA:4,logPHIAccess
FNDA:4,createHIPAALogger
FNDA:1,(anonymous_10)
FNDA:2,(anonymous_11)
FNDA:1,(anonymous_12)
FNDA:4,validateRedaction
FNDA:13,(anonymous_14)
FNDA:0,(anonymous_15)
DA:34,1
DA:47,1
DA:48,40
DA:50,39
DA:51,1
DA:55,38
DA:56,190
DA:57,152
DA:59,140
DA:65,1
DA:66,19
DA:69,18
DA:71,16
DA:72,16
DA:73,16
DA:75,16
DA:81,1
DA:82,19
DA:84,19
DA:95,19
DA:96,2
DA:99,18
DA:101,18
DA:102,55
DA:105,55
DA:106,869
DA:109,55
DA:110,39
DA:111,15
DA:113,16
DA:115,6
DA:119,18
DA:125,1
DA:127,4
DA:134,4
DA:143,1
DA:144,4
DA:146,1
DA:158,2
DA:171,1
DA:187,1
DA:188,4
DA:190,4
DA:191,13
DA:193,7
DA:194,2
DA:196,7
DA:197,0
DA:199,7
DA:200,0
DA:202,7
DA:203,1
DA:205,6
DA:207,0
DA:208,0
DA:210,6
DA:211,6
DA:212,9
DA:217,4
DA:219,4
LF:60
LH:56
BRDA:48,0,0,1
BRDA:48,1,0,40
BRDA:48,1,1,39
BRDA:50,2,0,1
BRDA:51,3,0,1
BRDA:51,3,1,0
BRDA:66,4,0,1
BRDA:66,5,0,19
BRDA:66,5,1,18
BRDA:69,6,0,2
BRDA:82,7,0,0
BRDA:82,8,0,19
BRDA:82,8,1,19
BRDA:84,9,0,19
BRDA:84,9,1,18
BRDA:95,10,0,1
BRDA:109,11,0,39
BRDA:109,11,1,16
BRDA:110,12,0,15
BRDA:110,13,0,39
BRDA:110,13,1,28
BRDA:113,14,0,6
BRDA:113,15,0,16
BRDA:113,15,1,6
BRDA:129,16,0,3
BRDA:129,16,1,1
BRDA:191,17,0,7
BRDA:191,17,1,6
BRDA:193,18,0,2
BRDA:196,19,0,0
BRDA:199,20,0,0
BRDA:202,21,0,1
BRDA:205,22,0,0
BRDA:205,22,1,6
BRDA:210,23,0,6
BRDA:210,24,0,6
BRDA:210,24,1,6
BRF:37
BRH:32
end_of_record
